select e.*   from application e 
		
		where 1  and active=1 and deleted=0 
	 From Ip: 127.0.0.1 - Date: 2013-10-14 11:20:53
	select e.*   from questions e 
		
		where 1  
	 From Ip: 127.0.0.1 - Date: 2013-10-14 11:21:06
	
			select * from questions 
			left join answers   on questions_id = id
			where application_id  = 1   and types_idtypes = 1
		
		
	 From Ip: 127.0.0.1 - Date: 2013-10-14 11:21:06
	select e.*   from questions e 
		
		where 1  
	 From Ip: 127.0.0.1 - Date: 2013-10-14 11:21:17
	
			select * from questions 
			left join answers   on questions_id = id
			where application_id  = 1   and types_idtypes = 1
		
		
	 From Ip: 127.0.0.1 - Date: 2013-10-14 11:21:18
	select e.*   from questions e 
		
		where 1  
	 From Ip: 127.0.0.1 - Date: 2013-10-14 11:24:00
	
			select * from questions 
			left join answers   on questions_id = id
			where application_id  = 1   and types_idtypes = 1
		
		
	 From Ip: 127.0.0.1 - Date: 2013-10-14 11:24:00
	select e.*   from application e 
		
		where 1  and active=1 and deleted=0 
	 From Ip: 127.0.0.1 - Date: 2013-10-14 11:24:04
	select e.*   from application e 
		
		where 1  and active=1 and deleted=0 
	 From Ip: 127.0.0.1 - Date: 2013-10-14 11:24:47
	select e.*   from application e 
		
		where 1  and active=1 and deleted=0 
	 From Ip: 127.0.0.1 - Date: 2013-10-14 11:25:01
	select e.*   from application e 
		
		where 1  and active=1 and deleted=0 
	 From Ip: 127.0.0.1 - Date: 2013-10-14 11:25:01
	select e.*   from application e 
		
		where 1  and active=1 and deleted=0 
	 From Ip: 127.0.0.1 - Date: 2013-10-14 11:27:24
	select e.*   from application e 
		
		where 1  and active=1 and deleted=0 
	 From Ip: 127.0.0.1 - Date: 2013-10-14 11:27:24
	select e.*   from application e 
		
		where 1  and active=1 and deleted=0 
	 From Ip: 127.0.0.1 - Date: 2013-10-14 11:27:49
	select e.*   from application e 
		
		where 1  and active=1 and deleted=0 
	 From Ip: 127.0.0.1 - Date: 2013-10-14 11:28:02
	select e.*   from questions e 
		
		where 1  
	 From Ip: 127.0.0.1 - Date: 2013-10-14 11:28:48
	
			select * from questions 
			left join answers   on questions_id = id
			where application_id  = 1   and types_idtypes = 1
		
		
	 From Ip: 127.0.0.1 - Date: 2013-10-14 11:28:48
	select e.*   from application e 
		
		where 1  and active=1 and deleted=0 
	 From Ip: 127.0.0.1 - Date: 2013-10-14 11:28:54
	select e.*   from application e 
		
		where 1  and active=1 and deleted=0 
	 From Ip: 127.0.0.1 - Date: 2013-10-14 11:30:10
	select e.*   from application e 
		
		where 1  and active=1 and deleted=0 
	 From Ip: 127.0.0.1 - Date: 2013-10-14 11:30:31
	select e.*   from application e 
		
		where 1  and active=1 and deleted=0 
	 From Ip: 127.0.0.1 - Date: 2013-10-14 11:30:36
	select e.*   from application e 
		
		where 1  and active=1 and deleted=0 
	 From Ip: 127.0.0.1 - Date: 2013-10-14 11:30:46
	select e.*   from application e 
		
		where 1  and active=1 and deleted=0 
	 From Ip: 127.0.0.1 - Date: 2013-10-14 11:30:55
	select e.*   from application e 
		
		where 1  and active=1 and deleted=0 
	 From Ip: 127.0.0.1 - Date: 2013-10-14 11:31:06
	select * from application
			left join jury_has_application ja on application_idapplication = application.idapplication
			where jury_idjury = 'jamil'
		
		
	 From Ip: 127.0.0.1 - Date: 2013-10-14 11:39:50
	select * from application
			left join jury_has_application ja on application_idapplication = application.idapplication
			where jury_idjury = 'jamil'
		
		
	 From Ip: 127.0.0.1 - Date: 2013-10-14 11:39:50
	select * from application
			left join jury_has_application ja on application_idapplication = application.idapplication
			where jury_idjury = 'jamil'
		
		
	 From Ip: 127.0.0.1 - Date: 2013-10-14 11:40:18
	select * from application
			left join jury_has_application ja on application_id = application.idapplication
			where jury_idjury = 'jamil'
		
		
	 From Ip: 127.0.0.1 - Date: 2013-10-14 11:40:53
	select * from application
			left join jury_has_application ja on application_id = application.id
			where jury_idjury = 'jamil'
		
		
	 From Ip: 127.0.0.1 - Date: 2013-10-14 11:41:15
	select * from application
			left join jury_has_application ja on application_id = application.id
			where jury_idjury = '1'
		
		
	 From Ip: 127.0.0.1 - Date: 2013-10-14 11:41:50
	select * from application
			left join jury_has_application ja on application_id = application.id
			where jury_idjury = '1'
		
		
	 From Ip: 127.0.0.1 - Date: 2013-10-14 11:42:38
	select * from application
			left join jury_has_application ja on application_id = application.id
			where jury_idjury = '1'
		
		
	 From Ip: 127.0.0.1 - Date: 2013-10-14 11:43:50
	select * from application
			left join jury_has_application ja on application_id = application.id
			where jury_idjury = '1'
		
		
	 From Ip: 127.0.0.1 - Date: 2013-10-14 11:46:57
	select * from application
			left join jury_has_application ja on application_id = application.id
			where jury_idjury = '1'
		
		
	 From Ip: 127.0.0.1 - Date: 2013-10-14 11:46:59
	select * from application
			left join jury_has_application ja on application_id = application.id
			where jury_idjury = '1'
		
		
	 From Ip: 127.0.0.1 - Date: 2013-10-14 11:47:44
	select * from application
			left join jury_has_application ja on application_id = application.id
			where jury_idjury = '1'
		
		
	 From Ip: 127.0.0.1 - Date: 2013-10-14 11:48:35
	select * from application
			left join jury_has_application ja on application_id = application.id
			where jury_idjury = '1'
		
		
	 From Ip: 127.0.0.1 - Date: 2013-10-14 11:49:09
	select * from application
			left join jury_has_application ja on application_id = application.id
			where jury_idjury = '1'
		
		
	 From Ip: 127.0.0.1 - Date: 2013-10-14 11:49:23
	select * from application
			left join jury_has_application ja on application_id = application.id
			where jury_idjury = '1'
		
		
	 From Ip: 127.0.0.1 - Date: 2013-10-14 11:49:58
	select * from application
			left join jury_has_application ja on application_id = application.id
			where jury_idjury = '1'
		
		
	 From Ip: 127.0.0.1 - Date: 2013-10-14 11:51:02
	select * from application
			left join jury_has_application ja on application_id = application.id
			where jury_idjury = '1'
		
		
	 From Ip: 127.0.0.1 - Date: 2013-10-14 11:54:55
	select e.*   from questions e 
		
		where 1  
	 From Ip: 127.0.0.1 - Date: 2013-10-14 11:55:09
	
			select * from questions 
			left join answers   on questions_id = id
			where application_id  = 1   and types_idtypes = 1
		
		
	 From Ip: 127.0.0.1 - Date: 2013-10-14 11:55:09
	select e.*   from questions e 
		
		where 1  
	 From Ip: 127.0.0.1 - Date: 2013-10-14 11:57:24
	
			select * from questions 
			left join answers   on questions_id = id
			where application_id  = 1   and types_idtypes = 1
		
		
	 From Ip: 127.0.0.1 - Date: 2013-10-14 11:57:24
	select * from application
			left join jury_has_application ja on application_id = application.id
			where jury_idjury = '1'
		
		
	 From Ip: 127.0.0.1 - Date: 2013-10-14 11:57:27
	select e.*   from questions e 
		
		where 1  
	 From Ip: 127.0.0.1 - Date: 2013-10-14 11:57:30
	
			select * from questions 
			left join answers   on questions_id = id
			where application_id  = 1   and types_idtypes = 1
		
		
	 From Ip: 127.0.0.1 - Date: 2013-10-14 11:57:30
	select e.*   from questions e 
		
		where 1  
	 From Ip: 127.0.0.1 - Date: 2013-10-14 11:58:09
	
			select * from questions 
			left join answers   on questions_id = id
			where application_id  = 1   and types_idtypes = 1
		
		
	 From Ip: 127.0.0.1 - Date: 2013-10-14 11:58:09
	select e.*   from questions e 
		
		where 1  
	 From Ip: 127.0.0.1 - Date: 2013-10-14 11:59:48
	
			select * from questions 
			left join answers   on questions_id = id
			where application_id  = 1   and types_idtypes = 1
		
		
	 From Ip: 127.0.0.1 - Date: 2013-10-14 11:59:48
	select * from application
			left join jury_has_application ja on application_id = application.id
			where jury_idjury = '1'
		
		
	 From Ip: 127.0.0.1 - Date: 2013-10-14 12:01:43
	select * from application
			left join jury_has_application ja on application_id = application.id
			where jury_idjury = '1'
		
		
	 From Ip: 127.0.0.1 - Date: 2013-10-14 12:01:59
	select * from application
			left join jury_has_application ja on application_id = application.id
			where jury_idjury = '1'
		
		
	 From Ip: 127.0.0.1 - Date: 2013-10-14 12:02:06
	select * from application
			left join jury_has_application ja on application_id = application.id
			where jury_idjury = '1'
		
		
	 From Ip: 127.0.0.1 - Date: 2013-10-14 12:02:18
	select e.*   from questions e 
		
		where 1  
	 From Ip: 127.0.0.1 - Date: 2013-10-14 13:41:04
	
			select * from questions 
			left join answers   on questions_id = id
			where application_id  = 1   and types_idtypes = 1
		
		
	 From Ip: 127.0.0.1 - Date: 2013-10-14 13:41:04
	select * from application
			left join jury_has_application ja on application_id = application.id
			where jury_idjury = '1'
		
		
	 From Ip: 127.0.0.1 - Date: 2013-10-14 13:41:12
	select e.*   from questions e 
		
		where 1  
	 From Ip: 127.0.0.1 - Date: 2013-10-14 13:41:15
	
			select * from questions 
			left join answers   on questions_id = id
			where application_id  = 1   and types_idtypes = 1
		
		
	 From Ip: 127.0.0.1 - Date: 2013-10-14 13:41:15
	select e.*   from questions e 
		
		where 1  
	 From Ip: 127.0.0.1 - Date: 2013-10-14 13:44:03
	
			select * from questions 
			left join answers   on questions_id = id
			where application_id  = 2   and types_idtypes = 1
		
		
	 From Ip: 127.0.0.1 - Date: 2013-10-14 13:44:03
	select e.*   from questions e 
		
		where 1  
	 From Ip: 127.0.0.1 - Date: 2013-10-14 13:45:12
	
			select * from questions 
			left join answers   on questions_id = id
			where application_id  = 2   and types_idtypes = 1
		
		
	 From Ip: 127.0.0.1 - Date: 2013-10-14 13:45:12
	select e.*   from questions e 
		
		where 1  
	 From Ip: 127.0.0.1 - Date: 2013-10-14 13:46:04
	
			select * from questions 
			left join answers   on questions_id = id
			where application_id  = 2   and types_idtypes = 1
		
		
	 From Ip: 127.0.0.1 - Date: 2013-10-14 13:46:04
	select e.*   from questions e 
		
		where 1  
	 From Ip: 127.0.0.1 - Date: 2013-10-14 13:46:59
	
			select * from questions 
			left join answers   on questions_id = id
			where application_id  = 2   and types_idtypes = 1
		
		
	 From Ip: 127.0.0.1 - Date: 2013-10-14 13:46:59
	select e.*   from questions e 
		
		where 1  
	 From Ip: 127.0.0.1 - Date: 2013-10-14 13:47:20
	
			select * from questions 
			left join answers   on questions_id = id
			where application_id  = 2   and types_idtypes = 1
		
		
	 From Ip: 127.0.0.1 - Date: 2013-10-14 13:47:20
	select e.*   from questions e 
		
		where 1  
	 From Ip: 127.0.0.1 - Date: 2013-10-14 13:47:20
	
			select * from questions 
			left join answers   on questions_id = id
			where application_id  = 2   and types_idtypes = 1
		
		
	 From Ip: 127.0.0.1 - Date: 2013-10-14 13:47:20
	select e.*   from questions e 
		
		where 1  
	 From Ip: 127.0.0.1 - Date: 2013-10-14 13:47:21
	
			select * from questions 
			left join answers   on questions_id = id
			where application_id  = 2   and types_idtypes = 1
		
		
	 From Ip: 127.0.0.1 - Date: 2013-10-14 13:47:21
	select e.*   from questions e 
		
		where 1  
	 From Ip: 127.0.0.1 - Date: 2013-10-14 13:48:01
	
			select * from questions 
			left join answers   on questions_id = id
			where application_id  = 2   and types_idtypes = 1
		
		
	 From Ip: 127.0.0.1 - Date: 2013-10-14 13:48:01
	select e.*   from questions e 
		
		where 1  
	 From Ip: 127.0.0.1 - Date: 2013-10-14 13:48:34
	
			select * from questions 
			left join answers   on questions_id = id
			where application_id  = 2   and types_idtypes = 1
		
		
	 From Ip: 127.0.0.1 - Date: 2013-10-14 13:48:34
	select e.*   from questions e 
		
		where 1  
	 From Ip: 127.0.0.1 - Date: 2013-10-14 13:49:54
	
			select * from questions 
			left join answers   on questions_id = id
			where application_id  = 2   and types_idtypes = 1
		
		
	 From Ip: 127.0.0.1 - Date: 2013-10-14 13:49:54
	select e.*   from questions e 
		
		where 1  
	 From Ip: 127.0.0.1 - Date: 2013-10-14 13:50:19
	
			select * from questions 
			left join answers   on questions_id = id
			where application_id  = 2   and types_idtypes = 1
		
		
	 From Ip: 127.0.0.1 - Date: 2013-10-14 13:50:19
	select e.*   from questions e 
		
		where 1  
	 From Ip: 127.0.0.1 - Date: 2013-10-14 13:51:00
	
			select * from questions 
			left join answers   on questions_id = id
			where application_id  = 2   and types_idtypes = 1
		
		
	 From Ip: 127.0.0.1 - Date: 2013-10-14 13:51:00
	select e.*   from questions e 
		
		where 1  
	 From Ip: 127.0.0.1 - Date: 2013-10-14 13:51:12
	
			select * from questions 
			left join answers   on questions_id = id
			where application_id  = 2   and types_idtypes = 1
		
		
	 From Ip: 127.0.0.1 - Date: 2013-10-14 13:51:12
	
			select * from questions q
			left join answers a on  ( a.questions_id = q.id and a.application_id = 2 ) 
		
		
	 From Ip: 127.0.0.1 - Date: 2013-10-14 14:11:04
	
			select * from questions q
			left join answers a on  ( a.questions_id = q.id and a.application_id = 2 ) 
		
		
	 From Ip: 127.0.0.1 - Date: 2013-10-14 14:12:13
	
			select * from questions q
			left join answers a on  ( a.questions_id = q.id and a.application_id = 2 ) 
		
		
	 From Ip: 127.0.0.1 - Date: 2013-10-14 14:17:33
	
			select * from questions q
			left join answers a on  ( a.questions_id = q.id and a.application_id = 2 ) 
		
		
	 From Ip: 127.0.0.1 - Date: 2013-10-14 14:17:36
	
			select * from questions q
			left join answers a on  ( a.questions_id = q.id and a.application_id =  ) 
		
		
	 From Ip: 127.0.0.1 - Date: 2013-10-14 14:17:40
	
			select * from questions q
			left join answers a on  ( a.questions_id = q.id and a.application_id = 2 ) 
		
		
	 From Ip: 127.0.0.1 - Date: 2013-10-14 14:18:09
	
			select * from questions q
			left join answers a on  ( a.questions_id = q.id and a.application_id = 2 ) 
		
		
	 From Ip: 127.0.0.1 - Date: 2013-10-14 14:18:13
	
			select * from questions q
			left join answers a on  ( a.questions_id = q.id and a.application_id = 2 ) 
		
		
	 From Ip: 127.0.0.1 - Date: 2013-10-14 14:18:20
	
			select * from questions q
			left join answers a on  ( a.questions_id = q.id and a.application_id = 2 ) 
		
		
	 From Ip: 127.0.0.1 - Date: 2013-10-14 14:18:25
	
			select * from questions q
			left join answers a on  ( a.questions_id = q.id and a.application_id = 2 ) 
		
		
	 From Ip: 127.0.0.1 - Date: 2013-10-14 14:18:40
	
			select * from questions q
			left join answers a on  ( a.questions_id = q.id and a.application_id = 2 ) 
		
		
	 From Ip: 127.0.0.1 - Date: 2013-10-14 14:18:53
	
			select * from questions q
			left join answers a on  ( a.questions_id = q.id and a.application_id = 2 ) 
		
		
	 From Ip: 127.0.0.1 - Date: 2013-10-14 14:19:24
	
			select * from questions q
			left join answers a on  ( a.questions_id = q.id and a.application_id = 2 ) 
		
		
	 From Ip: 127.0.0.1 - Date: 2013-10-14 14:19:27
	
			select * from questions q
			left join answers a on  ( a.questions_id = q.id and a.application_id = 2 ) 
		
		
	 From Ip: 127.0.0.1 - Date: 2013-10-14 14:19:30
	
			select * from questions q
			left join answers a on  ( a.questions_id = q.id and a.application_id = 2 ) 
		
		
	 From Ip: 127.0.0.1 - Date: 2013-10-14 14:19:56
	
			select * from questions q
			left join answers a on  ( a.questions_id = q.id and a.application_id = 2 ) 
		
		
	 From Ip: 127.0.0.1 - Date: 2013-10-14 14:19:58
	
			select * from questions q
			left join answers a on  ( a.questions_id = q.id and a.application_id = 2 ) 
		
		
	 From Ip: 127.0.0.1 - Date: 2013-10-14 14:20:01
	
			select * from questions q
			left join answers a on  ( a.questions_id = q.id and a.application_id = 2 ) 
		
		
	 From Ip: 127.0.0.1 - Date: 2013-10-14 14:20:16
	
			select * from questions q
			left join answers a on  ( a.questions_id = q.id and a.application_id = 2 ) 
		
		
	 From Ip: 127.0.0.1 - Date: 2013-10-14 14:20:29
	
			select * from questions q
			left join answers a on  ( a.questions_id = q.id and a.application_id = 2 ) 
		
		
	 From Ip: 127.0.0.1 - Date: 2013-10-14 14:20:38
	
			select * from questions q
			left join answers a on  ( a.questions_id = q.id and a.application_id = 2 ) 
		
		
	 From Ip: 127.0.0.1 - Date: 2013-10-14 14:20:44
	
			select * from questions q
			left join answers a on  ( a.questions_id = q.id and a.application_id = 2 ) 
		
		
	 From Ip: 127.0.0.1 - Date: 2013-10-14 14:20:52
	
			select * from questions q
			left join answers a on  ( a.questions_id = q.id and a.application_id = 2 ) 
		
		
	 From Ip: 127.0.0.1 - Date: 2013-10-14 14:21:16
	
			select * from questions q
			left join answers a on  ( a.questions_id = q.id and a.application_id = 2 ) 
		
		
	 From Ip: 127.0.0.1 - Date: 2013-10-14 14:34:46
	
			select * from questions q
			left join answers a on  ( a.questions_id = q.id and a.application_id = 2 ) 
		
		
	 From Ip: 127.0.0.1 - Date: 2013-10-14 14:35:22
	
			select * from questions q
			left join answers a on  ( a.questions_id = q.id and a.application_id = 2 ) 
		
		
	 From Ip: 127.0.0.1 - Date: 2013-10-14 14:35:28
	  UPDATE `jury_has_application` SET `grade`= '2'  Where  jury_idjury = 1 and  application_id = 2
	 From Ip: 127.0.0.1 - Date: 2013-10-14 14:35:28
	  UPDATE `jury_has_application` SET `grade`= '2'  Where  jury_idjury = 1 and  application_id = 2
	 From Ip: 127.0.0.1 - Date: 2013-10-14 14:35:28
	
			select * from questions q
			left join answers a on  ( a.questions_id = q.id and a.application_id = 2 ) 
		
		
	 From Ip: 127.0.0.1 - Date: 2013-10-14 14:35:52
	  UPDATE `jury_has_application` SET `grade`= '2'  Where  jury_idjury = 1 and  application_id = 2
	 From Ip: 127.0.0.1 - Date: 2013-10-14 14:35:52
	  UPDATE `jury_has_application` SET `grade`= '2'  Where  jury_idjury = 1 and  application_id = 2
	 From Ip: 127.0.0.1 - Date: 2013-10-14 14:35:52
	
			select * from questions q
			left join answers a on  ( a.questions_id = q.id and a.application_id = 2 ) 
		
		
	 From Ip: 127.0.0.1 - Date: 2013-10-14 14:36:17
	  UPDATE `jury_has_application` SET `grade`= '1'  Where  jury_idjury = 1 and  application_id = 2
	 From Ip: 127.0.0.1 - Date: 2013-10-14 14:36:17
	  UPDATE `jury_has_application` SET `grade`= '1'  Where  jury_idjury = 1 and  application_id = 2
	 From Ip: 127.0.0.1 - Date: 2013-10-14 14:36:17
	
			select * from questions q
			left join answers a on  ( a.questions_id = q.id and a.application_id = 2 ) 
		
		
	 From Ip: 127.0.0.1 - Date: 2013-10-14 14:36:24
	  UPDATE `jury_has_application` SET `grade`= null  Where  jury_idjury = 1 and  application_id = 2
	 From Ip: 127.0.0.1 - Date: 2013-10-14 14:36:24
	  UPDATE `jury_has_application` SET `grade`= '3'  Where  jury_idjury = 1 and  application_id = 2
	 From Ip: 127.0.0.1 - Date: 2013-10-14 14:36:24
	
			select * from questions q
			left join answers a on  ( a.questions_id = q.id and a.application_id = 2 ) 
		
		
	 From Ip: 127.0.0.1 - Date: 2013-10-14 14:36:38
	  UPDATE `jury_has_application` SET `grade`= null  Where  jury_idjury = 1 and  application_id = 2
	 From Ip: 127.0.0.1 - Date: 2013-10-14 14:36:38
	  UPDATE `jury_has_application` SET `grade`= null  Where  jury_idjury = 1 and  application_id = 2
	 From Ip: 127.0.0.1 - Date: 2013-10-14 14:36:38
	
			select * from questions q
			left join answers a on  ( a.questions_id = q.id and a.application_id = 2 ) 
		
		
	 From Ip: 127.0.0.1 - Date: 2013-10-14 14:36:57
	
			select * from questions q
			left join answers a on  ( a.questions_id = q.id and a.application_id = 2 ) 
		
		
	 From Ip: 127.0.0.1 - Date: 2013-10-14 14:37:36
	  UPDATE `jury_has_application` SET `grade`= null  Where  jury_idjury = 1 and  application_id = 2
	 From Ip: 127.0.0.1 - Date: 2013-10-14 14:37:36
	  UPDATE `jury_has_application` SET `grade`= null  Where  jury_idjury = 1 and  application_id = 2
	 From Ip: 127.0.0.1 - Date: 2013-10-14 14:37:36
	
			select * from questions q
			left join answers a on  ( a.questions_id = q.id and a.application_id = 2 ) 
		
		
	 From Ip: 127.0.0.1 - Date: 2013-10-14 14:37:43
	  UPDATE `jury_has_application` SET `grade`= '1'  Where  jury_idjury = 1 and  application_id = 2
	 From Ip: 127.0.0.1 - Date: 2013-10-14 14:37:43
	  UPDATE `jury_has_application` SET `grade`= '1'  Where  jury_idjury = 1 and  application_id = 2
	 From Ip: 127.0.0.1 - Date: 2013-10-14 14:37:43
	
			select * from questions q
			left join answers a on  ( a.questions_id = q.id and a.application_id = 2 ) 
		
		
	 From Ip: 127.0.0.1 - Date: 2013-10-14 14:38:36
	  UPDATE `jury_has_application` SET `grade`= '2'  Where  jury_idjury = 1 and  application_id = 2
	 From Ip: 127.0.0.1 - Date: 2013-10-14 14:38:36
	  UPDATE `jury_has_application` SET `grade`= '3'  Where  jury_idjury = 1 and  application_id = 2
	 From Ip: 127.0.0.1 - Date: 2013-10-14 14:38:36
	
			select * from questions q
			left join answers a on  ( a.questions_id = q.id and a.application_id = 2 ) 
		
		
	 From Ip: 127.0.0.1 - Date: 2013-10-14 15:02:52
	
			select * from questions q
			left join answers a on  ( a.questions_id = q.id and a.application_id = 2 ) 
		
		
	 From Ip: 127.0.0.1 - Date: 2013-10-14 15:03:05
	
			select * from questions q
			left join answers a on  ( a.questions_id = q.id and a.application_id = 2 ) 
		
		
	 From Ip: 127.0.0.1 - Date: 2013-10-14 15:05:20
	  UPDATE `jury_graded_answers` SET `grade`= '1'  Where  where answers_idanswers =1 and jury_id = 1
	 From Ip: 127.0.0.1 - Date: 2013-10-14 15:05:20
	  UPDATE `jury_graded_answers` SET `grade`= '4'  Where  where answers_idanswers =2 and jury_id = 1
	 From Ip: 127.0.0.1 - Date: 2013-10-14 15:05:20
	