2013/09/05 01:28:06 [error] [exception.CHttpException.404] exception 'CHttpException' with message 'The requested page does not exist.' in C:\wamp\www\competition\admin\protected\controllers\QuestionsController.php:102
Stack trace:
#0 C:\wamp\www\competition\admin\protected\controllers\QuestionsController.php(13): QuestionsController->loadModel('4')
#1 [internal function]: QuestionsController->actionView('4')
#2 C:\wamp\www\yfw110b\framework\web\actions\CAction.php(107): ReflectionMethod->invokeArgs(Object(QuestionsController), Array)
#3 C:\wamp\www\yfw110b\framework\web\actions\CInlineAction.php(48): CAction->runWithParamsInternal(Object(QuestionsController), Object(ReflectionMethod), Array)
#4 C:\wamp\www\yfw110b\framework\web\CController.php(309): CInlineAction->runWithParams(Array)
#5 C:\wamp\www\yfw110b\framework\web\filters\CFilterChain.php(134): CController->runAction(Object(CInlineAction))
#6 C:\wamp\www\yfw110b\framework\web\filters\CFilter.php(41): CFilterChain->run()
#7 C:\wamp\www\yfw110b\framework\web\CController.php(1146): CFilter->filter(Object(CFilterChain))
#8 C:\wamp\www\yfw110b\framework\web\filters\CInlineFilter.php(59): CController->filterAccessControl(Object(CFilterChain))
#9 C:\wamp\www\yfw110b\framework\web\filters\CFilterChain.php(131): CInlineFilter->filter(Object(CFilterChain))
#10 C:\wamp\www\yfw110b\framework\web\CController.php(292): CFilterChain->run()
#11 C:\wamp\www\yfw110b\framework\web\CController.php(266): CController->runActionWithFilters(Object(CInlineAction), Array)
#12 C:\wamp\www\yfw110b\framework\web\CWebApplication.php(276): CController->run('view')
#13 C:\wamp\www\yfw110b\framework\web\CWebApplication.php(135): CWebApplication->runController('questions/view')
#14 C:\wamp\www\yfw110b\framework\base\CApplication.php(162): CWebApplication->processRequest()
#15 C:\wamp\www\competition\admin\index.php(13): CApplication->run()
#16 {main}
REQUEST_URI=/competition/admin/index.php?r=questions/view&id=4
HTTP_REFERER=http://localhost/competition/admin/index.php?r=questions/create
---
2013/09/05 01:51:38 [error] [exception.CHttpException.404] exception 'CHttpException' with message 'The requested page does not exist.' in C:\wamp\www\competition\admin\protected\controllers\QuestionsController.php:102
Stack trace:
#0 C:\wamp\www\competition\admin\protected\controllers\QuestionsController.php(13): QuestionsController->loadModel('5')
#1 [internal function]: QuestionsController->actionView('5')
#2 C:\wamp\www\yfw110b\framework\web\actions\CAction.php(107): ReflectionMethod->invokeArgs(Object(QuestionsController), Array)
#3 C:\wamp\www\yfw110b\framework\web\actions\CInlineAction.php(48): CAction->runWithParamsInternal(Object(QuestionsController), Object(ReflectionMethod), Array)
#4 C:\wamp\www\yfw110b\framework\web\CController.php(309): CInlineAction->runWithParams(Array)
#5 C:\wamp\www\yfw110b\framework\web\filters\CFilterChain.php(134): CController->runAction(Object(CInlineAction))
#6 C:\wamp\www\yfw110b\framework\web\filters\CFilter.php(41): CFilterChain->run()
#7 C:\wamp\www\yfw110b\framework\web\CController.php(1146): CFilter->filter(Object(CFilterChain))
#8 C:\wamp\www\yfw110b\framework\web\filters\CInlineFilter.php(59): CController->filterAccessControl(Object(CFilterChain))
#9 C:\wamp\www\yfw110b\framework\web\filters\CFilterChain.php(131): CInlineFilter->filter(Object(CFilterChain))
#10 C:\wamp\www\yfw110b\framework\web\CController.php(292): CFilterChain->run()
#11 C:\wamp\www\yfw110b\framework\web\CController.php(266): CController->runActionWithFilters(Object(CInlineAction), Array)
#12 C:\wamp\www\yfw110b\framework\web\CWebApplication.php(276): CController->run('view')
#13 C:\wamp\www\yfw110b\framework\web\CWebApplication.php(135): CWebApplication->runController('questions/view')
#14 C:\wamp\www\yfw110b\framework\base\CApplication.php(162): CWebApplication->processRequest()
#15 C:\wamp\www\competition\admin\index.php(13): CApplication->run()
#16 {main}
REQUEST_URI=/competition/admin/index.php?r=questions/view&id=5
HTTP_REFERER=http://localhost/competition/admin/index.php?r=questions/create
---
2013/09/05 02:01:59 [error] [exception.CHttpException.404] exception 'CHttpException' with message 'The requested page does not exist.' in C:\wamp\www\competition\admin\protected\controllers\QuestionsController.php:102
Stack trace:
#0 C:\wamp\www\competition\admin\protected\controllers\QuestionsController.php(13): QuestionsController->loadModel('6')
#1 [internal function]: QuestionsController->actionView('6')
#2 C:\wamp\www\yfw110b\framework\web\actions\CAction.php(107): ReflectionMethod->invokeArgs(Object(QuestionsController), Array)
#3 C:\wamp\www\yfw110b\framework\web\actions\CInlineAction.php(48): CAction->runWithParamsInternal(Object(QuestionsController), Object(ReflectionMethod), Array)
#4 C:\wamp\www\yfw110b\framework\web\CController.php(309): CInlineAction->runWithParams(Array)
#5 C:\wamp\www\yfw110b\framework\web\filters\CFilterChain.php(134): CController->runAction(Object(CInlineAction))
#6 C:\wamp\www\yfw110b\framework\web\filters\CFilter.php(41): CFilterChain->run()
#7 C:\wamp\www\yfw110b\framework\web\CController.php(1146): CFilter->filter(Object(CFilterChain))
#8 C:\wamp\www\yfw110b\framework\web\filters\CInlineFilter.php(59): CController->filterAccessControl(Object(CFilterChain))
#9 C:\wamp\www\yfw110b\framework\web\filters\CFilterChain.php(131): CInlineFilter->filter(Object(CFilterChain))
#10 C:\wamp\www\yfw110b\framework\web\CController.php(292): CFilterChain->run()
#11 C:\wamp\www\yfw110b\framework\web\CController.php(266): CController->runActionWithFilters(Object(CInlineAction), Array)
#12 C:\wamp\www\yfw110b\framework\web\CWebApplication.php(276): CController->run('view')
#13 C:\wamp\www\yfw110b\framework\web\CWebApplication.php(135): CWebApplication->runController('questions/view')
#14 C:\wamp\www\yfw110b\framework\base\CApplication.php(162): CWebApplication->processRequest()
#15 C:\wamp\www\competition\admin\index.php(13): CApplication->run()
#16 {main}
REQUEST_URI=/competition/admin/index.php?r=questions/view&id=6
HTTP_REFERER=http://localhost/competition/admin/index.php?r=questions/create
---
2013/09/05 02:02:09 [error] [exception.CHttpException.404] exception 'CHttpException' with message 'The requested page does not exist.' in C:\wamp\www\competition\admin\protected\controllers\QuestionsController.php:102
Stack trace:
#0 C:\wamp\www\competition\admin\protected\controllers\QuestionsController.php(13): QuestionsController->loadModel('6')
#1 [internal function]: QuestionsController->actionView('6')
#2 C:\wamp\www\yfw110b\framework\web\actions\CAction.php(107): ReflectionMethod->invokeArgs(Object(QuestionsController), Array)
#3 C:\wamp\www\yfw110b\framework\web\actions\CInlineAction.php(48): CAction->runWithParamsInternal(Object(QuestionsController), Object(ReflectionMethod), Array)
#4 C:\wamp\www\yfw110b\framework\web\CController.php(309): CInlineAction->runWithParams(Array)
#5 C:\wamp\www\yfw110b\framework\web\filters\CFilterChain.php(134): CController->runAction(Object(CInlineAction))
#6 C:\wamp\www\yfw110b\framework\web\filters\CFilter.php(41): CFilterChain->run()
#7 C:\wamp\www\yfw110b\framework\web\CController.php(1146): CFilter->filter(Object(CFilterChain))
#8 C:\wamp\www\yfw110b\framework\web\filters\CInlineFilter.php(59): CController->filterAccessControl(Object(CFilterChain))
#9 C:\wamp\www\yfw110b\framework\web\filters\CFilterChain.php(131): CInlineFilter->filter(Object(CFilterChain))
#10 C:\wamp\www\yfw110b\framework\web\CController.php(292): CFilterChain->run()
#11 C:\wamp\www\yfw110b\framework\web\CController.php(266): CController->runActionWithFilters(Object(CInlineAction), Array)
#12 C:\wamp\www\yfw110b\framework\web\CWebApplication.php(276): CController->run('view')
#13 C:\wamp\www\yfw110b\framework\web\CWebApplication.php(135): CWebApplication->runController('Questions/view')
#14 C:\wamp\www\yfw110b\framework\base\CApplication.php(162): CWebApplication->processRequest()
#15 C:\wamp\www\competition\admin\index.php(13): CApplication->run()
#16 {main}
REQUEST_URI=/competition/admin/index.php?r=Questions/view&id=6
---
2013/09/05 02:07:55 [error] [exception.CException] exception 'CException' with message 'Property "Questions.id" is not defined.' in C:\wamp\www\yfw110b\framework\base\CComponent.php:131
Stack trace:
#0 C:\wamp\www\yfw110b\framework\db\ar\CActiveRecord.php(144): CComponent->__get('id')
#1 C:\wamp\www\yfw110b\framework\base\CComponent.php(607) : eval()'d code(1): CActiveRecord->__get('id')
#2 C:\wamp\www\yfw110b\framework\base\CComponent.php(607): eval()
#3 C:\wamp\www\yfw110b\framework\zii\widgets\grid\CButtonColumn.php(314): CComponent->evaluateExpression('Yii::app()->con...', Array)
#4 C:\wamp\www\yfw110b\framework\zii\widgets\grid\CButtonColumn.php(293): CButtonColumn->renderButton('deactivate', Array, 0, Object(Questions))
#5 C:\wamp\www\yfw110b\framework\zii\widgets\grid\CGridColumn.php(138): CButtonColumn->renderDataCellContent(0, Object(Questions))
#6 C:\wamp\www\yfw110b\framework\zii\widgets\grid\CGridView.php(517): CGridColumn->renderDataCell(0)
#7 C:\wamp\www\yfw110b\framework\zii\widgets\grid\CGridView.php(490): CGridView->renderTableRow(0)
#8 C:\wamp\www\yfw110b\framework\zii\widgets\grid\CGridView.php(400): CGridView->renderTableBody()
#9 C:\wamp\www\yfw110b\framework\zii\widgets\CBaseListView.php(158): CGridView->renderItems()
#10 [internal function]: CBaseListView->renderSection(Array)
#11 C:\wamp\www\yfw110b\framework\zii\widgets\CBaseListView.php(141): preg_replace_callback('/{(\w+)}/', Array, '{summary}?{item...')
#12 C:\wamp\www\yfw110b\framework\zii\widgets\CBaseListView.php(126): CBaseListView->renderContent()
#13 C:\wamp\www\yfw110b\framework\web\CBaseController.php(174): CBaseListView->run()
#14 C:\wamp\www\competition\admin\protected\views\questions\index.php(61): CBaseController->widget('zii.widgets.gri...', Array)
#15 C:\wamp\www\yfw110b\framework\web\CBaseController.php(127): require('C:\wamp\www\com...')
#16 C:\wamp\www\yfw110b\framework\web\CBaseController.php(96): CBaseController->renderInternal('C:\wamp\www\com...', Array, true)
#17 C:\wamp\www\yfw110b\framework\web\CController.php(870): CBaseController->renderFile('C:\wamp\www\com...', Array, true)
#18 C:\wamp\www\yfw110b\framework\web\CController.php(783): CController->renderPartial('index', Array, true)
#19 C:\wamp\www\competition\admin\protected\controllers\QuestionsController.php(90): CController->render('index', Array)
#20 C:\wamp\www\yfw110b\framework\web\actions\CInlineAction.php(50): QuestionsController->actionIndex()
#21 C:\wamp\www\yfw110b\framework\web\CController.php(309): CInlineAction->runWithParams(Array)
#22 C:\wamp\www\yfw110b\framework\web\filters\CFilterChain.php(134): CController->runAction(Object(CInlineAction))
#23 C:\wamp\www\yfw110b\framework\web\filters\CFilter.php(41): CFilterChain->run()
#24 C:\wamp\www\yfw110b\framework\web\CController.php(1146): CFilter->filter(Object(CFilterChain))
#25 C:\wamp\www\yfw110b\framework\web\filters\CInlineFilter.php(59): CController->filterAccessControl(Object(CFilterChain))
#26 C:\wamp\www\yfw110b\framework\web\filters\CFilterChain.php(131): CInlineFilter->filter(Object(CFilterChain))
#27 C:\wamp\www\yfw110b\framework\web\CController.php(292): CFilterChain->run()
#28 C:\wamp\www\yfw110b\framework\web\CController.php(266): CController->runActionWithFilters(Object(CInlineAction), Array)
#29 C:\wamp\www\yfw110b\framework\web\CWebApplication.php(276): CController->run('')
#30 C:\wamp\www\yfw110b\framework\web\CWebApplication.php(135): CWebApplication->runController('questions')
#31 C:\wamp\www\yfw110b\framework\base\CApplication.php(162): CWebApplication->processRequest()
#32 C:\wamp\www\competition\admin\index.php(13): CApplication->run()
#33 {main}
REQUEST_URI=/competition/admin/index.php?r=questions
HTTP_REFERER=http://localhost/competition/admin/index.php?r=gii/crud
---
2013/09/05 02:22:34 [error] [exception.CException] exception 'CException' with message 'Property "Questions.id" is not defined.' in C:\wamp\www\yfw110b\framework\base\CComponent.php:131
Stack trace:
#0 C:\wamp\www\yfw110b\framework\db\ar\CActiveRecord.php(144): CComponent->__get('id')
#1 C:\wamp\www\yfw110b\framework\base\CComponent.php(607) : eval()'d code(1): CActiveRecord->__get('id')
#2 C:\wamp\www\yfw110b\framework\base\CComponent.php(607): eval()
#3 C:\wamp\www\yfw110b\framework\zii\widgets\grid\CButtonColumn.php(314): CComponent->evaluateExpression('Yii::app()->con...', Array)
#4 C:\wamp\www\yfw110b\framework\zii\widgets\grid\CButtonColumn.php(293): CButtonColumn->renderButton('deactivate', Array, 0, Object(Questions))
#5 C:\wamp\www\yfw110b\framework\zii\widgets\grid\CGridColumn.php(138): CButtonColumn->renderDataCellContent(0, Object(Questions))
#6 C:\wamp\www\yfw110b\framework\zii\widgets\grid\CGridView.php(517): CGridColumn->renderDataCell(0)
#7 C:\wamp\www\yfw110b\framework\zii\widgets\grid\CGridView.php(490): CGridView->renderTableRow(0)
#8 C:\wamp\www\yfw110b\framework\zii\widgets\grid\CGridView.php(400): CGridView->renderTableBody()
#9 C:\wamp\www\yfw110b\framework\zii\widgets\CBaseListView.php(158): CGridView->renderItems()
#10 [internal function]: CBaseListView->renderSection(Array)
#11 C:\wamp\www\yfw110b\framework\zii\widgets\CBaseListView.php(141): preg_replace_callback('/{(\w+)}/', Array, '{summary}?{item...')
#12 C:\wamp\www\yfw110b\framework\zii\widgets\CBaseListView.php(126): CBaseListView->renderContent()
#13 C:\wamp\www\yfw110b\framework\web\CBaseController.php(174): CBaseListView->run()
#14 C:\wamp\www\competition\admin\protected\views\questions\index.php(61): CBaseController->widget('zii.widgets.gri...', Array)
#15 C:\wamp\www\yfw110b\framework\web\CBaseController.php(127): require('C:\wamp\www\com...')
#16 C:\wamp\www\yfw110b\framework\web\CBaseController.php(96): CBaseController->renderInternal('C:\wamp\www\com...', Array, true)
#17 C:\wamp\www\yfw110b\framework\web\CController.php(870): CBaseController->renderFile('C:\wamp\www\com...', Array, true)
#18 C:\wamp\www\yfw110b\framework\web\CController.php(783): CController->renderPartial('index', Array, true)
#19 C:\wamp\www\competition\admin\protected\controllers\QuestionsController.php(90): CController->render('index', Array)
#20 C:\wamp\www\yfw110b\framework\web\actions\CInlineAction.php(50): QuestionsController->actionIndex()
#21 C:\wamp\www\yfw110b\framework\web\CController.php(309): CInlineAction->runWithParams(Array)
#22 C:\wamp\www\yfw110b\framework\web\filters\CFilterChain.php(134): CController->runAction(Object(CInlineAction))
#23 C:\wamp\www\yfw110b\framework\web\filters\CFilter.php(41): CFilterChain->run()
#24 C:\wamp\www\yfw110b\framework\web\CController.php(1146): CFilter->filter(Object(CFilterChain))
#25 C:\wamp\www\yfw110b\framework\web\filters\CInlineFilter.php(59): CController->filterAccessControl(Object(CFilterChain))
#26 C:\wamp\www\yfw110b\framework\web\filters\CFilterChain.php(131): CInlineFilter->filter(Object(CFilterChain))
#27 C:\wamp\www\yfw110b\framework\web\CController.php(292): CFilterChain->run()
#28 C:\wamp\www\yfw110b\framework\web\CController.php(266): CController->runActionWithFilters(Object(CInlineAction), Array)
#29 C:\wamp\www\yfw110b\framework\web\CWebApplication.php(276): CController->run('')
#30 C:\wamp\www\yfw110b\framework\web\CWebApplication.php(135): CWebApplication->runController('questions')
#31 C:\wamp\www\yfw110b\framework\base\CApplication.php(162): CWebApplication->processRequest()
#32 C:\wamp\www\competition\admin\index.php(13): CApplication->run()
#33 {main}
REQUEST_URI=/competition/admin/index.php?r=questions
HTTP_REFERER=http://localhost/competition/admin/index.php?r=gii/crud
---
2013/09/05 02:39:54 [error] [exception.CException] exception 'CException' with message 'Property "Questions.idquestions" is not defined.' in C:\wamp\www\yfw110b\framework\base\CComponent.php:131
Stack trace:
#0 C:\wamp\www\yfw110b\framework\db\ar\CActiveRecord.php(144): CComponent->__get('idquestions')
#1 C:\wamp\www\yfw110b\framework\web\helpers\CHtml.php(2044): CActiveRecord->__get('idquestions')
#2 C:\wamp\www\yfw110b\framework\web\helpers\CHtml.php(1774): CHtml::resolveValue(Object(Questions), 'idquestions')
#3 C:\wamp\www\yfw110b\framework\web\helpers\CHtml.php(1205): CHtml::activeInputField('text', Object(Questions), 'idquestions', Array)
#4 C:\wamp\www\yfw110b\framework\web\widgets\CActiveForm.php(575): CHtml::activeTextField(Object(Questions), 'idquestions', Array)
#5 C:\wamp\www\competition\admin\protected\views\questions\_search.php(10): CActiveForm->textField(Object(Questions), 'idquestions')
#6 C:\wamp\www\yfw110b\framework\web\CBaseController.php(127): require('C:\wamp\www\com...')
#7 C:\wamp\www\yfw110b\framework\web\CBaseController.php(96): CBaseController->renderInternal('C:\wamp\www\com...', Array, true)
#8 C:\wamp\www\yfw110b\framework\web\CController.php(870): CBaseController->renderFile('C:\wamp\www\com...', Array, true)
#9 C:\wamp\www\competition\admin\protected\views\questions\index.php(36): CController->renderPartial('_search', Array)
#10 C:\wamp\www\yfw110b\framework\web\CBaseController.php(127): require('C:\wamp\www\com...')
#11 C:\wamp\www\yfw110b\framework\web\CBaseController.php(96): CBaseController->renderInternal('C:\wamp\www\com...', Array, true)
#12 C:\wamp\www\yfw110b\framework\web\CController.php(870): CBaseController->renderFile('C:\wamp\www\com...', Array, true)
#13 C:\wamp\www\yfw110b\framework\web\CController.php(783): CController->renderPartial('index', Array, true)
#14 C:\wamp\www\competition\admin\protected\controllers\QuestionsController.php(90): CController->render('index', Array)
#15 C:\wamp\www\yfw110b\framework\web\actions\CInlineAction.php(50): QuestionsController->actionIndex()
#16 C:\wamp\www\yfw110b\framework\web\CController.php(309): CInlineAction->runWithParams(Array)
#17 C:\wamp\www\yfw110b\framework\web\filters\CFilterChain.php(134): CController->runAction(Object(CInlineAction))
#18 C:\wamp\www\yfw110b\framework\web\filters\CFilter.php(41): CFilterChain->run()
#19 C:\wamp\www\yfw110b\framework\web\CController.php(1146): CFilter->filter(Object(CFilterChain))
#20 C:\wamp\www\yfw110b\framework\web\filters\CInlineFilter.php(59): CController->filterAccessControl(Object(CFilterChain))
#21 C:\wamp\www\yfw110b\framework\web\filters\CFilterChain.php(131): CInlineFilter->filter(Object(CFilterChain))
#22 C:\wamp\www\yfw110b\framework\web\CController.php(292): CFilterChain->run()
#23 C:\wamp\www\yfw110b\framework\web\CController.php(266): CController->runActionWithFilters(Object(CInlineAction), Array)
#24 C:\wamp\www\yfw110b\framework\web\CWebApplication.php(276): CController->run('')
#25 C:\wamp\www\yfw110b\framework\web\CWebApplication.php(135): CWebApplication->runController('questions')
#26 C:\wamp\www\yfw110b\framework\base\CApplication.php(162): CWebApplication->processRequest()
#27 C:\wamp\www\competition\admin\index.php(13): CApplication->run()
#28 {main}
REQUEST_URI=/competition/admin/index.php?r=questions
HTTP_REFERER=http://localhost/competition/admin/index.php?r=gii/crud
---
2013/09/05 02:39:58 [error] [exception.CException] exception 'CException' with message 'Property "Questions.idquestions" is not defined.' in C:\wamp\www\yfw110b\framework\base\CComponent.php:131
Stack trace:
#0 C:\wamp\www\yfw110b\framework\db\ar\CActiveRecord.php(144): CComponent->__get('idquestions')
#1 C:\wamp\www\yfw110b\framework\web\helpers\CHtml.php(2044): CActiveRecord->__get('idquestions')
#2 C:\wamp\www\yfw110b\framework\web\helpers\CHtml.php(1774): CHtml::resolveValue(Object(Questions), 'idquestions')
#3 C:\wamp\www\yfw110b\framework\web\helpers\CHtml.php(1205): CHtml::activeInputField('text', Object(Questions), 'idquestions', Array)
#4 C:\wamp\www\yfw110b\framework\web\widgets\CActiveForm.php(575): CHtml::activeTextField(Object(Questions), 'idquestions', Array)
#5 C:\wamp\www\competition\admin\protected\views\questions\_search.php(10): CActiveForm->textField(Object(Questions), 'idquestions')
#6 C:\wamp\www\yfw110b\framework\web\CBaseController.php(127): require('C:\wamp\www\com...')
#7 C:\wamp\www\yfw110b\framework\web\CBaseController.php(96): CBaseController->renderInternal('C:\wamp\www\com...', Array, true)
#8 C:\wamp\www\yfw110b\framework\web\CController.php(870): CBaseController->renderFile('C:\wamp\www\com...', Array, true)
#9 C:\wamp\www\competition\admin\protected\views\questions\index.php(36): CController->renderPartial('_search', Array)
#10 C:\wamp\www\yfw110b\framework\web\CBaseController.php(127): require('C:\wamp\www\com...')
#11 C:\wamp\www\yfw110b\framework\web\CBaseController.php(96): CBaseController->renderInternal('C:\wamp\www\com...', Array, true)
#12 C:\wamp\www\yfw110b\framework\web\CController.php(870): CBaseController->renderFile('C:\wamp\www\com...', Array, true)
#13 C:\wamp\www\yfw110b\framework\web\CController.php(783): CController->renderPartial('index', Array, true)
#14 C:\wamp\www\competition\admin\protected\controllers\QuestionsController.php(90): CController->render('index', Array)
#15 C:\wamp\www\yfw110b\framework\web\actions\CInlineAction.php(50): QuestionsController->actionIndex()
#16 C:\wamp\www\yfw110b\framework\web\CController.php(309): CInlineAction->runWithParams(Array)
#17 C:\wamp\www\yfw110b\framework\web\filters\CFilterChain.php(134): CController->runAction(Object(CInlineAction))
#18 C:\wamp\www\yfw110b\framework\web\filters\CFilter.php(41): CFilterChain->run()
#19 C:\wamp\www\yfw110b\framework\web\CController.php(1146): CFilter->filter(Object(CFilterChain))
#20 C:\wamp\www\yfw110b\framework\web\filters\CInlineFilter.php(59): CController->filterAccessControl(Object(CFilterChain))
#21 C:\wamp\www\yfw110b\framework\web\filters\CFilterChain.php(131): CInlineFilter->filter(Object(CFilterChain))
#22 C:\wamp\www\yfw110b\framework\web\CController.php(292): CFilterChain->run()
#23 C:\wamp\www\yfw110b\framework\web\CController.php(266): CController->runActionWithFilters(Object(CInlineAction), Array)
#24 C:\wamp\www\yfw110b\framework\web\CWebApplication.php(276): CController->run('')
#25 C:\wamp\www\yfw110b\framework\web\CWebApplication.php(135): CWebApplication->runController('questions')
#26 C:\wamp\www\yfw110b\framework\base\CApplication.php(162): CWebApplication->processRequest()
#27 C:\wamp\www\competition\admin\index.php(13): CApplication->run()
#28 {main}
REQUEST_URI=/competition/admin/index.php?r=questions
HTTP_REFERER=http://localhost/competition/admin/index.php?r=gii/crud
---
2013/09/05 02:40:57 [error] [system.db.CDbCommand] CDbCommand::execute() failed: SQLSTATE[23000]: Integrity constraint violation: 1452 Cannot add or update a child row: a foreign key constraint fails (`competition`.`questions`, CONSTRAINT `fk_questions_types2` FOREIGN KEY (`types_idtypes`) REFERENCES `types` (`idtypes`) ON DELETE NO ACTION ON UPDATE NO ACTION). The SQL statement executed was: INSERT INTO `questions` (`grade`, `active`, `deleted`, `id`, `qtitle_en`, `qtitle_ar`, `qtitle_fr`, `types_idtypes`, `ordering`) VALUES (:yp0, :yp1, :yp2, :yp3, :yp4, :yp5, :yp6, :yp7, :yp8).
in C:\wamp\www\competition\admin\protected\controllers\QuestionsController.php (28)
in C:\wamp\www\competition\admin\index.php (13)
2013/09/05 02:40:57 [error] [exception.CDbException] exception 'CDbException' with message 'CDbCommand failed to execute the SQL statement: SQLSTATE[23000]: Integrity constraint violation: 1452 Cannot add or update a child row: a foreign key constraint fails (`competition`.`questions`, CONSTRAINT `fk_questions_types2` FOREIGN KEY (`types_idtypes`) REFERENCES `types` (`idtypes`) ON DELETE NO ACTION ON UPDATE NO ACTION). The SQL statement executed was: INSERT INTO `questions` (`grade`, `active`, `deleted`, `id`, `qtitle_en`, `qtitle_ar`, `qtitle_fr`, `types_idtypes`, `ordering`) VALUES (:yp0, :yp1, :yp2, :yp3, :yp4, :yp5, :yp6, :yp7, :yp8)' in C:\wamp\www\yfw110b\framework\db\CDbCommand.php:354
Stack trace:
#0 C:\wamp\www\yfw110b\framework\db\ar\CActiveRecord.php(1014): CDbCommand->execute()
#1 C:\wamp\www\yfw110b\framework\db\ar\CActiveRecord.php(787): CActiveRecord->insert(NULL)
#2 C:\wamp\www\competition\admin\protected\controllers\QuestionsController.php(28): CActiveRecord->save()
#3 C:\wamp\www\yfw110b\framework\web\actions\CInlineAction.php(50): QuestionsController->actionCreate()
#4 C:\wamp\www\yfw110b\framework\web\CController.php(309): CInlineAction->runWithParams(Array)
#5 C:\wamp\www\yfw110b\framework\web\filters\CFilterChain.php(134): CController->runAction(Object(CInlineAction))
#6 C:\wamp\www\yfw110b\framework\web\filters\CFilter.php(41): CFilterChain->run()
#7 C:\wamp\www\yfw110b\framework\web\CController.php(1146): CFilter->filter(Object(CFilterChain))
#8 C:\wamp\www\yfw110b\framework\web\filters\CInlineFilter.php(59): CController->filterAccessControl(Object(CFilterChain))
#9 C:\wamp\www\yfw110b\framework\web\filters\CFilterChain.php(131): CInlineFilter->filter(Object(CFilterChain))
#10 C:\wamp\www\yfw110b\framework\web\CController.php(292): CFilterChain->run()
#11 C:\wamp\www\yfw110b\framework\web\CController.php(266): CController->runActionWithFilters(Object(CInlineAction), Array)
#12 C:\wamp\www\yfw110b\framework\web\CWebApplication.php(276): CController->run('create')
#13 C:\wamp\www\yfw110b\framework\web\CWebApplication.php(135): CWebApplication->runController('questions/creat...')
#14 C:\wamp\www\yfw110b\framework\base\CApplication.php(162): CWebApplication->processRequest()
#15 C:\wamp\www\competition\admin\index.php(13): CApplication->run()
#16 {main}
REQUEST_URI=/competition/admin/index.php?r=questions/create
HTTP_REFERER=http://localhost/competition/admin/index.php?r=questions/create
---
2013/09/05 02:44:59 [error] [system.db.CDbCommand] CDbCommand::execute() failed: SQLSTATE[23000]: Integrity constraint violation: 1062 Duplicate entry '1' for key 'PRIMARY'. The SQL statement executed was: INSERT INTO `questions` (`grade`, `active`, `deleted`, `id`, `qtitle_en`, `qtitle_ar`, `qtitle_fr`, `types_idtypes`, `ordering`) VALUES (:yp0, :yp1, :yp2, :yp3, :yp4, :yp5, :yp6, :yp7, :yp8).
in C:\wamp\www\competition\admin\protected\controllers\QuestionsController.php (28)
in C:\wamp\www\competition\admin\index.php (13)
2013/09/05 02:44:59 [error] [exception.CDbException] exception 'CDbException' with message 'CDbCommand failed to execute the SQL statement: SQLSTATE[23000]: Integrity constraint violation: 1062 Duplicate entry '1' for key 'PRIMARY'. The SQL statement executed was: INSERT INTO `questions` (`grade`, `active`, `deleted`, `id`, `qtitle_en`, `qtitle_ar`, `qtitle_fr`, `types_idtypes`, `ordering`) VALUES (:yp0, :yp1, :yp2, :yp3, :yp4, :yp5, :yp6, :yp7, :yp8)' in C:\wamp\www\yfw110b\framework\db\CDbCommand.php:354
Stack trace:
#0 C:\wamp\www\yfw110b\framework\db\ar\CActiveRecord.php(1014): CDbCommand->execute()
#1 C:\wamp\www\yfw110b\framework\db\ar\CActiveRecord.php(787): CActiveRecord->insert(NULL)
#2 C:\wamp\www\competition\admin\protected\controllers\QuestionsController.php(28): CActiveRecord->save()
#3 C:\wamp\www\yfw110b\framework\web\actions\CInlineAction.php(50): QuestionsController->actionCreate()
#4 C:\wamp\www\yfw110b\framework\web\CController.php(309): CInlineAction->runWithParams(Array)
#5 C:\wamp\www\yfw110b\framework\web\filters\CFilterChain.php(134): CController->runAction(Object(CInlineAction))
#6 C:\wamp\www\yfw110b\framework\web\filters\CFilter.php(41): CFilterChain->run()
#7 C:\wamp\www\yfw110b\framework\web\CController.php(1146): CFilter->filter(Object(CFilterChain))
#8 C:\wamp\www\yfw110b\framework\web\filters\CInlineFilter.php(59): CController->filterAccessControl(Object(CFilterChain))
#9 C:\wamp\www\yfw110b\framework\web\filters\CFilterChain.php(131): CInlineFilter->filter(Object(CFilterChain))
#10 C:\wamp\www\yfw110b\framework\web\CController.php(292): CFilterChain->run()
#11 C:\wamp\www\yfw110b\framework\web\CController.php(266): CController->runActionWithFilters(Object(CInlineAction), Array)
#12 C:\wamp\www\yfw110b\framework\web\CWebApplication.php(276): CController->run('create')
#13 C:\wamp\www\yfw110b\framework\web\CWebApplication.php(135): CWebApplication->runController('questions/creat...')
#14 C:\wamp\www\yfw110b\framework\base\CApplication.php(162): CWebApplication->processRequest()
#15 C:\wamp\www\competition\admin\index.php(13): CApplication->run()
#16 {main}
REQUEST_URI=/competition/admin/index.php?r=questions/create
HTTP_REFERER=http://localhost/competition/admin/index.php?r=questions/create
---
2013/09/05 02:50:49 [error] [exception.CHttpException.404] exception 'CHttpException' with message 'The system is unable to find the requested action "questions".' in C:\wamp\www\yfw110b\framework\web\CController.php:484
Stack trace:
#0 C:\wamp\www\yfw110b\framework\web\CController.php(271): CController->missingAction('questions')
#1 C:\wamp\www\yfw110b\framework\web\CWebApplication.php(276): CController->run('questions')
#2 C:\wamp\www\yfw110b\framework\web\CWebApplication.php(135): CWebApplication->runController('site/questions')
#3 C:\wamp\www\yfw110b\framework\base\CApplication.php(162): CWebApplication->processRequest()
#4 C:\wamp\www\competition\admin\index.php(13): CApplication->run()
#5 {main}
REQUEST_URI=/competition/admin/index.php?r=site/questions
HTTP_REFERER=http://localhost/competition/admin/index.php?r=site/index
---
2013/09/07 20:39:08 [error] [exception.CException] exception 'CException' with message 'Questions and its behaviors do not have a method or closure named "activate".' in C:\wamp\www\yfw110b\framework\base\CComponent.php:266
Stack trace:
#0 C:\wamp\www\yfw110b\framework\db\ar\CActiveRecord.php(226): CComponent->__call('activate', Array)
#1 C:\wamp\www\competition\admin\protected\components\BAdminController.php(22): CActiveRecord->__call('activate', Array)
#2 C:\wamp\www\competition\admin\protected\components\BAdminController.php(22): Questions->activate()
#3 [internal function]: BAdminController->actionActivate('1')
#4 C:\wamp\www\yfw110b\framework\web\actions\CAction.php(107): ReflectionMethod->invokeArgs(Object(QuestionsController), Array)
#5 C:\wamp\www\yfw110b\framework\web\actions\CInlineAction.php(48): CAction->runWithParamsInternal(Object(QuestionsController), Object(ReflectionMethod), Array)
#6 C:\wamp\www\yfw110b\framework\web\CController.php(309): CInlineAction->runWithParams(Array)
#7 C:\wamp\www\yfw110b\framework\web\filters\CFilterChain.php(134): CController->runAction(Object(CInlineAction))
#8 C:\wamp\www\yfw110b\framework\web\filters\CFilter.php(41): CFilterChain->run()
#9 C:\wamp\www\yfw110b\framework\web\CController.php(1146): CFilter->filter(Object(CFilterChain))
#10 C:\wamp\www\yfw110b\framework\web\filters\CInlineFilter.php(59): CController->filterAccessControl(Object(CFilterChain))
#11 C:\wamp\www\yfw110b\framework\web\filters\CFilterChain.php(131): CInlineFilter->filter(Object(CFilterChain))
#12 C:\wamp\www\yfw110b\framework\web\CController.php(292): CFilterChain->run()
#13 C:\wamp\www\yfw110b\framework\web\CController.php(266): CController->runActionWithFilters(Object(CInlineAction), Array)
#14 C:\wamp\www\yfw110b\framework\web\CWebApplication.php(276): CController->run('activate')
#15 C:\wamp\www\yfw110b\framework\web\CWebApplication.php(135): CWebApplication->runController('questions/activ...')
#16 C:\wamp\www\yfw110b\framework\base\CApplication.php(162): CWebApplication->processRequest()
#17 C:\wamp\www\competition\admin\index.php(13): CApplication->run()
#18 {main}
REQUEST_URI=/competition/admin/index.php?r=questions%2Factivate&id=1&ajax=questions-grid
HTTP_REFERER=http://localhost/competition/admin/index.php?r=questions
---
2013/09/07 20:50:36 [error] [exception.CException] exception 'CException' with message 'Questions and its behaviors do not have a method or closure named "activate".' in C:\wamp\www\yfw110b\framework\base\CComponent.php:266
Stack trace:
#0 C:\wamp\www\yfw110b\framework\db\ar\CActiveRecord.php(226): CComponent->__call('activate', Array)
#1 C:\wamp\www\competition\admin\protected\components\BAdminController.php(22): CActiveRecord->__call('activate', Array)
#2 C:\wamp\www\competition\admin\protected\components\BAdminController.php(22): Questions->activate()
#3 [internal function]: BAdminController->actionActivate('1')
#4 C:\wamp\www\yfw110b\framework\web\actions\CAction.php(107): ReflectionMethod->invokeArgs(Object(QuestionsController), Array)
#5 C:\wamp\www\yfw110b\framework\web\actions\CInlineAction.php(48): CAction->runWithParamsInternal(Object(QuestionsController), Object(ReflectionMethod), Array)
#6 C:\wamp\www\yfw110b\framework\web\CController.php(309): CInlineAction->runWithParams(Array)
#7 C:\wamp\www\yfw110b\framework\web\filters\CFilterChain.php(134): CController->runAction(Object(CInlineAction))
#8 C:\wamp\www\yfw110b\framework\web\filters\CFilter.php(41): CFilterChain->run()
#9 C:\wamp\www\yfw110b\framework\web\CController.php(1146): CFilter->filter(Object(CFilterChain))
#10 C:\wamp\www\yfw110b\framework\web\filters\CInlineFilter.php(59): CController->filterAccessControl(Object(CFilterChain))
#11 C:\wamp\www\yfw110b\framework\web\filters\CFilterChain.php(131): CInlineFilter->filter(Object(CFilterChain))
#12 C:\wamp\www\yfw110b\framework\web\CController.php(292): CFilterChain->run()
#13 C:\wamp\www\yfw110b\framework\web\CController.php(266): CController->runActionWithFilters(Object(CInlineAction), Array)
#14 C:\wamp\www\yfw110b\framework\web\CWebApplication.php(276): CController->run('activate')
#15 C:\wamp\www\yfw110b\framework\web\CWebApplication.php(135): CWebApplication->runController('questions/activ...')
#16 C:\wamp\www\yfw110b\framework\base\CApplication.php(162): CWebApplication->processRequest()
#17 C:\wamp\www\competition\admin\index.php(13): CApplication->run()
#18 {main}
REQUEST_URI=/competition/admin/index.php?r=questions%2Factivate&id=1&ajax=questions-grid
HTTP_REFERER=http://localhost/competition/admin/index.php?r=questions/index
---
2013/09/18 00:25:48 [error] [php] Invalid argument supplied for foreach() (C:\wamp\www\competition\admin\protected\views\pages\view.php:10)
Stack trace:
#0 C:\wamp\www\yfw110b\framework\web\CController.php(870): PagesController->renderFile()
#1 C:\wamp\www\yfw110b\framework\web\CController.php(783): PagesController->renderPartial()
#2 C:\wamp\www\competition\admin\protected\controllers\PagesController.php(15): PagesController->render()
#3 unknown(0): PagesController->actionView()
#4 C:\wamp\www\yfw110b\framework\web\actions\CAction.php(107): ReflectionMethod->invokeArgs()
#5 C:\wamp\www\yfw110b\framework\web\actions\CInlineAction.php(48): CInlineAction->runWithParamsInternal()
#6 C:\wamp\www\yfw110b\framework\web\CController.php(309): CInlineAction->runWithParams()
#7 C:\wamp\www\yfw110b\framework\web\filters\CFilterChain.php(134): PagesController->runAction()
#8 C:\wamp\www\yfw110b\framework\web\filters\CFilter.php(41): CFilterChain->run()
#9 C:\wamp\www\yfw110b\framework\web\CController.php(1146): CAccessControlFilter->filter()
#10 C:\wamp\www\yfw110b\framework\web\filters\CInlineFilter.php(59): PagesController->filterAccessControl()
#11 C:\wamp\www\yfw110b\framework\web\filters\CFilterChain.php(131): CInlineFilter->filter()
#12 C:\wamp\www\yfw110b\framework\web\CController.php(292): CFilterChain->run()
#13 C:\wamp\www\yfw110b\framework\web\CController.php(266): PagesController->runActionWithFilters()
#14 C:\wamp\www\yfw110b\framework\web\CWebApplication.php(276): PagesController->run()
#15 C:\wamp\www\yfw110b\framework\web\CWebApplication.php(135): CWebApplication->runController()
#16 C:\wamp\www\yfw110b\framework\base\CApplication.php(162): CWebApplication->processRequest()
#17 C:\wamp\www\competition\admin\index.php(13): CWebApplication->run()
REQUEST_URI=/competition/admin/index.php?r=pages/view&id=1
in C:\wamp\www\competition\admin\protected\views\pages\view.php (10)
in C:\wamp\www\competition\admin\protected\controllers\PagesController.php (15)
in C:\wamp\www\competition\admin\index.php (13)
2013/09/18 00:27:21 [error] [php] Invalid argument supplied for foreach() (C:\wamp\www\competition\admin\protected\views\pages\view.php:10)
Stack trace:
#0 C:\wamp\www\yfw110b\framework\web\CController.php(870): PagesController->renderFile()
#1 C:\wamp\www\yfw110b\framework\web\CController.php(783): PagesController->renderPartial()
#2 C:\wamp\www\competition\admin\protected\controllers\PagesController.php(15): PagesController->render()
#3 unknown(0): PagesController->actionView()
#4 C:\wamp\www\yfw110b\framework\web\actions\CAction.php(107): ReflectionMethod->invokeArgs()
#5 C:\wamp\www\yfw110b\framework\web\actions\CInlineAction.php(48): CInlineAction->runWithParamsInternal()
#6 C:\wamp\www\yfw110b\framework\web\CController.php(309): CInlineAction->runWithParams()
#7 C:\wamp\www\yfw110b\framework\web\filters\CFilterChain.php(134): PagesController->runAction()
#8 C:\wamp\www\yfw110b\framework\web\filters\CFilter.php(41): CFilterChain->run()
#9 C:\wamp\www\yfw110b\framework\web\CController.php(1146): CAccessControlFilter->filter()
#10 C:\wamp\www\yfw110b\framework\web\filters\CInlineFilter.php(59): PagesController->filterAccessControl()
#11 C:\wamp\www\yfw110b\framework\web\filters\CFilterChain.php(131): CInlineFilter->filter()
#12 C:\wamp\www\yfw110b\framework\web\CController.php(292): CFilterChain->run()
#13 C:\wamp\www\yfw110b\framework\web\CController.php(266): PagesController->runActionWithFilters()
#14 C:\wamp\www\yfw110b\framework\web\CWebApplication.php(276): PagesController->run()
#15 C:\wamp\www\yfw110b\framework\web\CWebApplication.php(135): CWebApplication->runController()
#16 C:\wamp\www\yfw110b\framework\base\CApplication.php(162): CWebApplication->processRequest()
#17 C:\wamp\www\competition\admin\index.php(13): CWebApplication->run()
REQUEST_URI=/competition/admin/index.php?r=pages/view&id=1
in C:\wamp\www\competition\admin\protected\views\pages\view.php (10)
in C:\wamp\www\competition\admin\protected\controllers\PagesController.php (15)
in C:\wamp\www\competition\admin\index.php (13)
2013/09/18 00:29:28 [error] [exception.CException] exception 'CException' with message 'Pages and its behaviors do not have a method or closure named "remainingLanguages".' in C:\wamp\www\yfw110b\framework\base\CComponent.php:266
Stack trace:
#0 C:\wamp\www\yfw110b\framework\db\ar\CActiveRecord.php(226): CComponent->__call('remainingLangua...', Array)
#1 C:\wamp\www\competition\admin\protected\views\pages\view.php(10): CActiveRecord->__call('remainingLangua...', Array)
#2 C:\wamp\www\competition\admin\protected\views\pages\view.php(10): Pages->remainingLanguages()
#3 C:\wamp\www\yfw110b\framework\web\CBaseController.php(127): require('C:\wamp\www\com...')
#4 C:\wamp\www\yfw110b\framework\web\CBaseController.php(96): CBaseController->renderInternal('C:\wamp\www\com...', Array, true)
#5 C:\wamp\www\yfw110b\framework\web\CController.php(870): CBaseController->renderFile('C:\wamp\www\com...', Array, true)
#6 C:\wamp\www\yfw110b\framework\web\CController.php(783): CController->renderPartial('view', Array, true)
#7 C:\wamp\www\competition\admin\protected\controllers\PagesController.php(15): CController->render('view', Array)
#8 [internal function]: PagesController->actionView('1')
#9 C:\wamp\www\yfw110b\framework\web\actions\CAction.php(107): ReflectionMethod->invokeArgs(Object(PagesController), Array)
#10 C:\wamp\www\yfw110b\framework\web\actions\CInlineAction.php(48): CAction->runWithParamsInternal(Object(PagesController), Object(ReflectionMethod), Array)
#11 C:\wamp\www\yfw110b\framework\web\CController.php(309): CInlineAction->runWithParams(Array)
#12 C:\wamp\www\yfw110b\framework\web\filters\CFilterChain.php(134): CController->runAction(Object(CInlineAction))
#13 C:\wamp\www\yfw110b\framework\web\filters\CFilter.php(41): CFilterChain->run()
#14 C:\wamp\www\yfw110b\framework\web\CController.php(1146): CFilter->filter(Object(CFilterChain))
#15 C:\wamp\www\yfw110b\framework\web\filters\CInlineFilter.php(59): CController->filterAccessControl(Object(CFilterChain))
#16 C:\wamp\www\yfw110b\framework\web\filters\CFilterChain.php(131): CInlineFilter->filter(Object(CFilterChain))
#17 C:\wamp\www\yfw110b\framework\web\CController.php(292): CFilterChain->run()
#18 C:\wamp\www\yfw110b\framework\web\CController.php(266): CController->runActionWithFilters(Object(CInlineAction), Array)
#19 C:\wamp\www\yfw110b\framework\web\CWebApplication.php(276): CController->run('view')
#20 C:\wamp\www\yfw110b\framework\web\CWebApplication.php(135): CWebApplication->runController('pages/view')
#21 C:\wamp\www\yfw110b\framework\base\CApplication.php(162): CWebApplication->processRequest()
#22 C:\wamp\www\competition\admin\index.php(13): CApplication->run()
#23 {main}
REQUEST_URI=/competition/admin/index.php?r=pages/view&id=1
HTTP_REFERER=http://localhost/competition/admin/index.php?r=pages/update&id=1
---
2013/09/18 00:52:35 [error] [exception.CException] exception 'CException' with message 'Property "Questions.display" is not defined.' in C:\wamp\www\yfw110b\framework\base\CComponent.php:131
Stack trace:
#0 C:\wamp\www\yfw110b\framework\db\ar\CActiveRecord.php(144): CComponent->__get('display')
#1 C:\wamp\www\yfw110b\framework\base\CComponent.php(607) : eval()'d code(1): CActiveRecord->__get('display')
#2 C:\wamp\www\yfw110b\framework\base\CComponent.php(607): eval()
#3 C:\wamp\www\yfw110b\framework\zii\widgets\grid\CDataColumn.php(139): CComponent->evaluateExpression('$data->display', Array)
#4 C:\wamp\www\yfw110b\framework\zii\widgets\grid\CGridColumn.php(138): CDataColumn->renderDataCellContent(0, Object(Questions))
#5 C:\wamp\www\yfw110b\framework\zii\widgets\grid\CGridView.php(517): CGridColumn->renderDataCell(0)
#6 C:\wamp\www\yfw110b\framework\zii\widgets\grid\CGridView.php(490): CGridView->renderTableRow(0)
#7 C:\wamp\www\yfw110b\framework\zii\widgets\grid\CGridView.php(400): CGridView->renderTableBody()
#8 C:\wamp\www\yfw110b\framework\zii\widgets\CBaseListView.php(158): CGridView->renderItems()
#9 [internal function]: CBaseListView->renderSection(Array)
#10 C:\wamp\www\yfw110b\framework\zii\widgets\CBaseListView.php(141): preg_replace_callback('/{(\w+)}/', Array, '{summary}?{item...')
#11 C:\wamp\www\yfw110b\framework\zii\widgets\CBaseListView.php(126): CBaseListView->renderContent()
#12 C:\wamp\www\yfw110b\framework\web\CBaseController.php(174): CBaseListView->run()
#13 C:\wamp\www\competition\admin\protected\views\questions\index.php(69): CBaseController->widget('zii.widgets.gri...', Array)
#14 C:\wamp\www\yfw110b\framework\web\CBaseController.php(127): require('C:\wamp\www\com...')
#15 C:\wamp\www\yfw110b\framework\web\CBaseController.php(96): CBaseController->renderInternal('C:\wamp\www\com...', Array, true)
#16 C:\wamp\www\yfw110b\framework\web\CController.php(870): CBaseController->renderFile('C:\wamp\www\com...', Array, true)
#17 C:\wamp\www\yfw110b\framework\web\CController.php(783): CController->renderPartial('index', Array, true)
#18 C:\wamp\www\competition\admin\protected\controllers\QuestionsController.php(90): CController->render('index', Array)
#19 C:\wamp\www\yfw110b\framework\web\actions\CInlineAction.php(50): QuestionsController->actionIndex()
#20 C:\wamp\www\yfw110b\framework\web\CController.php(309): CInlineAction->runWithParams(Array)
#21 C:\wamp\www\yfw110b\framework\web\filters\CFilterChain.php(134): CController->runAction(Object(CInlineAction))
#22 C:\wamp\www\yfw110b\framework\web\filters\CFilter.php(41): CFilterChain->run()
#23 C:\wamp\www\yfw110b\framework\web\CController.php(1146): CFilter->filter(Object(CFilterChain))
#24 C:\wamp\www\yfw110b\framework\web\filters\CInlineFilter.php(59): CController->filterAccessControl(Object(CFilterChain))
#25 C:\wamp\www\yfw110b\framework\web\filters\CFilterChain.php(131): CInlineFilter->filter(Object(CFilterChain))
#26 C:\wamp\www\yfw110b\framework\web\CController.php(292): CFilterChain->run()
#27 C:\wamp\www\yfw110b\framework\web\CController.php(266): CController->runActionWithFilters(Object(CInlineAction), Array)
#28 C:\wamp\www\yfw110b\framework\web\CWebApplication.php(276): CController->run('')
#29 C:\wamp\www\yfw110b\framework\web\CWebApplication.php(135): CWebApplication->runController('questions')
#30 C:\wamp\www\yfw110b\framework\base\CApplication.php(162): CWebApplication->processRequest()
#31 C:\wamp\www\competition\admin\index.php(13): CApplication->run()
#32 {main}
REQUEST_URI=/competition/admin/index.php?r=questions
HTTP_REFERER=http://localhost/competition/admin/index.php?r=pages/index
---
2013/09/18 00:52:59 [error] [php] Use of undefined constant display - assumed 'display' (C:\wamp\www\yfw110b\framework\base\CComponent.php(607) : eval()'d code:1)
Stack trace:
#0 C:\wamp\www\yfw110b\framework\zii\widgets\grid\CGridColumn.php(138): CDataColumn->renderDataCellContent()
#1 C:\wamp\www\yfw110b\framework\zii\widgets\grid\CGridView.php(517): CDataColumn->renderDataCell()
#2 C:\wamp\www\yfw110b\framework\zii\widgets\grid\CGridView.php(490): CGridView->renderTableRow()
#3 C:\wamp\www\yfw110b\framework\zii\widgets\grid\CGridView.php(400): CGridView->renderTableBody()
#4 C:\wamp\www\yfw110b\framework\zii\widgets\CBaseListView.php(158): CGridView->renderItems()
#5 unknown(0): CGridView->renderSection()
#6 C:\wamp\www\yfw110b\framework\zii\widgets\CBaseListView.php(141): preg_replace_callback()
#7 C:\wamp\www\yfw110b\framework\zii\widgets\CBaseListView.php(126): CGridView->renderContent()
#8 C:\wamp\www\yfw110b\framework\web\CBaseController.php(174): CGridView->run()
#9 C:\wamp\www\competition\admin\protected\views\questions\index.php(69): QuestionsController->widget()
#10 C:\wamp\www\yfw110b\framework\web\CBaseController.php(127): require()
#11 C:\wamp\www\yfw110b\framework\web\CBaseController.php(96): QuestionsController->renderInternal()
#12 C:\wamp\www\yfw110b\framework\web\CController.php(870): QuestionsController->renderFile()
#13 C:\wamp\www\yfw110b\framework\web\CController.php(783): QuestionsController->renderPartial()
#14 C:\wamp\www\competition\admin\protected\controllers\QuestionsController.php(90): QuestionsController->render()
#15 C:\wamp\www\yfw110b\framework\web\actions\CInlineAction.php(50): QuestionsController->actionIndex()
#16 C:\wamp\www\yfw110b\framework\web\CController.php(309): CInlineAction->runWithParams()
#17 C:\wamp\www\yfw110b\framework\web\filters\CFilterChain.php(134): QuestionsController->runAction()
#18 C:\wamp\www\yfw110b\framework\web\filters\CFilter.php(41): CFilterChain->run()
#19 C:\wamp\www\yfw110b\framework\web\CController.php(1146): CAccessControlFilter->filter()
#20 C:\wamp\www\yfw110b\framework\web\filters\CInlineFilter.php(59): QuestionsController->filterAccessControl()
#21 C:\wamp\www\yfw110b\framework\web\filters\CFilterChain.php(131): CInlineFilter->filter()
#22 C:\wamp\www\yfw110b\framework\web\CController.php(292): CFilterChain->run()
#23 C:\wamp\www\yfw110b\framework\web\CController.php(266): QuestionsController->runActionWithFilters()
#24 C:\wamp\www\yfw110b\framework\web\CWebApplication.php(276): QuestionsController->run()
#25 C:\wamp\www\yfw110b\framework\web\CWebApplication.php(135): CWebApplication->runController()
#26 C:\wamp\www\yfw110b\framework\base\CApplication.php(162): CWebApplication->processRequest()
#27 C:\wamp\www\competition\admin\index.php(13): CWebApplication->run()
REQUEST_URI=/competition/admin/index.php?r=questions
in C:\wamp\www\competition\admin\protected\views\questions\index.php (69)
in C:\wamp\www\competition\admin\protected\controllers\QuestionsController.php (90)
in C:\wamp\www\competition\admin\index.php (13)
2013/09/18 00:53:18 [error] [exception.CException] exception 'CException' with message 'Questions and its behaviors do not have a method or closure named "parentT".' in C:\wamp\www\yfw110b\framework\base\CComponent.php:266
Stack trace:
#0 C:\wamp\www\yfw110b\framework\db\ar\CActiveRecord.php(226): CComponent->__call('parentT', Array)
#1 C:\wamp\www\yfw110b\framework\base\CComponent.php(607) : eval()'d code(1): CActiveRecord->__call('parentT', Array)
#2 C:\wamp\www\yfw110b\framework\base\CComponent.php(607) : eval()'d code(1): Questions->parentT('types')
#3 C:\wamp\www\yfw110b\framework\base\CComponent.php(607): eval()
#4 C:\wamp\www\yfw110b\framework\zii\widgets\grid\CDataColumn.php(139): CComponent->evaluateExpression('$data->parentT(...', Array)
#5 C:\wamp\www\yfw110b\framework\zii\widgets\grid\CGridColumn.php(138): CDataColumn->renderDataCellContent(0, Object(Questions))
#6 C:\wamp\www\yfw110b\framework\zii\widgets\grid\CGridView.php(517): CGridColumn->renderDataCell(0)
#7 C:\wamp\www\yfw110b\framework\zii\widgets\grid\CGridView.php(490): CGridView->renderTableRow(0)
#8 C:\wamp\www\yfw110b\framework\zii\widgets\grid\CGridView.php(400): CGridView->renderTableBody()
#9 C:\wamp\www\yfw110b\framework\zii\widgets\CBaseListView.php(158): CGridView->renderItems()
#10 [internal function]: CBaseListView->renderSection(Array)
#11 C:\wamp\www\yfw110b\framework\zii\widgets\CBaseListView.php(141): preg_replace_callback('/{(\w+)}/', Array, '{summary}?{item...')
#12 C:\wamp\www\yfw110b\framework\zii\widgets\CBaseListView.php(126): CBaseListView->renderContent()
#13 C:\wamp\www\yfw110b\framework\web\CBaseController.php(174): CBaseListView->run()
#14 C:\wamp\www\competition\admin\protected\views\questions\index.php(69): CBaseController->widget('zii.widgets.gri...', Array)
#15 C:\wamp\www\yfw110b\framework\web\CBaseController.php(127): require('C:\wamp\www\com...')
#16 C:\wamp\www\yfw110b\framework\web\CBaseController.php(96): CBaseController->renderInternal('C:\wamp\www\com...', Array, true)
#17 C:\wamp\www\yfw110b\framework\web\CController.php(870): CBaseController->renderFile('C:\wamp\www\com...', Array, true)
#18 C:\wamp\www\yfw110b\framework\web\CController.php(783): CController->renderPartial('index', Array, true)
#19 C:\wamp\www\competition\admin\protected\controllers\QuestionsController.php(90): CController->render('index', Array)
#20 C:\wamp\www\yfw110b\framework\web\actions\CInlineAction.php(50): QuestionsController->actionIndex()
#21 C:\wamp\www\yfw110b\framework\web\CController.php(309): CInlineAction->runWithParams(Array)
#22 C:\wamp\www\yfw110b\framework\web\filters\CFilterChain.php(134): CController->runAction(Object(CInlineAction))
#23 C:\wamp\www\yfw110b\framework\web\filters\CFilter.php(41): CFilterChain->run()
#24 C:\wamp\www\yfw110b\framework\web\CController.php(1146): CFilter->filter(Object(CFilterChain))
#25 C:\wamp\www\yfw110b\framework\web\filters\CInlineFilter.php(59): CController->filterAccessControl(Object(CFilterChain))
#26 C:\wamp\www\yfw110b\framework\web\filters\CFilterChain.php(131): CInlineFilter->filter(Object(CFilterChain))
#27 C:\wamp\www\yfw110b\framework\web\CController.php(292): CFilterChain->run()
#28 C:\wamp\www\yfw110b\framework\web\CController.php(266): CController->runActionWithFilters(Object(CInlineAction), Array)
#29 C:\wamp\www\yfw110b\framework\web\CWebApplication.php(276): CController->run('')
#30 C:\wamp\www\yfw110b\framework\web\CWebApplication.php(135): CWebApplication->runController('questions')
#31 C:\wamp\www\yfw110b\framework\base\CApplication.php(162): CWebApplication->processRequest()
#32 C:\wamp\www\competition\admin\index.php(13): CApplication->run()
#33 {main}
REQUEST_URI=/competition/admin/index.php?r=questions
HTTP_REFERER=http://localhost/competition/admin/index.php?r=pages/index
---
2013/09/18 03:37:48 [error] [exception.CException] exception 'CException' with message 'Property "Jury.id" is not defined.' in C:\wamp\www\yfw110b\framework\base\CComponent.php:131
Stack trace:
#0 C:\wamp\www\yfw110b\framework\db\ar\CActiveRecord.php(144): CComponent->__get('id')
#1 C:\wamp\www\yfw110b\framework\base\CComponent.php(607) : eval()'d code(1): CActiveRecord->__get('id')
#2 C:\wamp\www\yfw110b\framework\base\CComponent.php(607): eval()
#3 C:\wamp\www\yfw110b\framework\zii\widgets\grid\CButtonColumn.php(314): CComponent->evaluateExpression('Yii::app()->con...', Array)
#4 C:\wamp\www\yfw110b\framework\zii\widgets\grid\CButtonColumn.php(293): CButtonColumn->renderButton('deactivate', Array, 0, Object(Jury))
#5 C:\wamp\www\yfw110b\framework\zii\widgets\grid\CGridColumn.php(138): CButtonColumn->renderDataCellContent(0, Object(Jury))
#6 C:\wamp\www\yfw110b\framework\zii\widgets\grid\CGridView.php(517): CGridColumn->renderDataCell(0)
#7 C:\wamp\www\yfw110b\framework\zii\widgets\grid\CGridView.php(490): CGridView->renderTableRow(0)
#8 C:\wamp\www\yfw110b\framework\zii\widgets\grid\CGridView.php(400): CGridView->renderTableBody()
#9 C:\wamp\www\yfw110b\framework\zii\widgets\CBaseListView.php(158): CGridView->renderItems()
#10 [internal function]: CBaseListView->renderSection(Array)
#11 C:\wamp\www\yfw110b\framework\zii\widgets\CBaseListView.php(141): preg_replace_callback('/{(\w+)}/', Array, '{summary}?{item...')
#12 C:\wamp\www\yfw110b\framework\zii\widgets\CBaseListView.php(126): CBaseListView->renderContent()
#13 C:\wamp\www\yfw110b\framework\web\CBaseController.php(174): CBaseListView->run()
#14 C:\wamp\www\competition\admin\protected\views\jury\index.php(61): CBaseController->widget('zii.widgets.gri...', Array)
#15 C:\wamp\www\yfw110b\framework\web\CBaseController.php(127): require('C:\wamp\www\com...')
#16 C:\wamp\www\yfw110b\framework\web\CBaseController.php(96): CBaseController->renderInternal('C:\wamp\www\com...', Array, true)
#17 C:\wamp\www\yfw110b\framework\web\CController.php(870): CBaseController->renderFile('C:\wamp\www\com...', Array, true)
#18 C:\wamp\www\yfw110b\framework\web\CController.php(783): CController->renderPartial('index', Array, true)
#19 C:\wamp\www\competition\admin\protected\controllers\JuryController.php(90): CController->render('index', Array)
#20 C:\wamp\www\yfw110b\framework\web\actions\CInlineAction.php(50): JuryController->actionIndex()
#21 C:\wamp\www\yfw110b\framework\web\CController.php(309): CInlineAction->runWithParams(Array)
#22 C:\wamp\www\yfw110b\framework\web\filters\CFilterChain.php(134): CController->runAction(Object(CInlineAction))
#23 C:\wamp\www\yfw110b\framework\web\filters\CFilter.php(41): CFilterChain->run()
#24 C:\wamp\www\yfw110b\framework\web\CController.php(1146): CFilter->filter(Object(CFilterChain))
#25 C:\wamp\www\yfw110b\framework\web\filters\CInlineFilter.php(59): CController->filterAccessControl(Object(CFilterChain))
#26 C:\wamp\www\yfw110b\framework\web\filters\CFilterChain.php(131): CInlineFilter->filter(Object(CFilterChain))
#27 C:\wamp\www\yfw110b\framework\web\CController.php(292): CFilterChain->run()
#28 C:\wamp\www\yfw110b\framework\web\CController.php(266): CController->runActionWithFilters(Object(CInlineAction), Array)
#29 C:\wamp\www\yfw110b\framework\web\CWebApplication.php(276): CController->run('index')
#30 C:\wamp\www\yfw110b\framework\web\CWebApplication.php(135): CWebApplication->runController('jury/index')
#31 C:\wamp\www\yfw110b\framework\base\CApplication.php(162): CWebApplication->processRequest()
#32 C:\wamp\www\competition\admin\index.php(13): CApplication->run()
#33 {main}
REQUEST_URI=/competition/admin/index.php?r=jury/index
HTTP_REFERER=http://localhost/competition/admin/index.php?r=jury/view&id=1
---
2013/09/18 03:38:09 [error] [exception.CException] exception 'CException' with message 'Property "Jury.id" is not defined.' in C:\wamp\www\yfw110b\framework\base\CComponent.php:131
Stack trace:
#0 C:\wamp\www\yfw110b\framework\db\ar\CActiveRecord.php(144): CComponent->__get('id')
#1 C:\wamp\www\yfw110b\framework\base\CComponent.php(607) : eval()'d code(1): CActiveRecord->__get('id')
#2 C:\wamp\www\yfw110b\framework\base\CComponent.php(607): eval()
#3 C:\wamp\www\yfw110b\framework\zii\widgets\grid\CButtonColumn.php(314): CComponent->evaluateExpression('Yii::app()->con...', Array)
#4 C:\wamp\www\yfw110b\framework\zii\widgets\grid\CButtonColumn.php(293): CButtonColumn->renderButton('deactivate', Array, 0, Object(Jury))
#5 C:\wamp\www\yfw110b\framework\zii\widgets\grid\CGridColumn.php(138): CButtonColumn->renderDataCellContent(0, Object(Jury))
#6 C:\wamp\www\yfw110b\framework\zii\widgets\grid\CGridView.php(517): CGridColumn->renderDataCell(0)
#7 C:\wamp\www\yfw110b\framework\zii\widgets\grid\CGridView.php(490): CGridView->renderTableRow(0)
#8 C:\wamp\www\yfw110b\framework\zii\widgets\grid\CGridView.php(400): CGridView->renderTableBody()
#9 C:\wamp\www\yfw110b\framework\zii\widgets\CBaseListView.php(158): CGridView->renderItems()
#10 [internal function]: CBaseListView->renderSection(Array)
#11 C:\wamp\www\yfw110b\framework\zii\widgets\CBaseListView.php(141): preg_replace_callback('/{(\w+)}/', Array, '{summary}?{item...')
#12 C:\wamp\www\yfw110b\framework\zii\widgets\CBaseListView.php(126): CBaseListView->renderContent()
#13 C:\wamp\www\yfw110b\framework\web\CBaseController.php(174): CBaseListView->run()
#14 C:\wamp\www\competition\admin\protected\views\jury\index.php(61): CBaseController->widget('zii.widgets.gri...', Array)
#15 C:\wamp\www\yfw110b\framework\web\CBaseController.php(127): require('C:\wamp\www\com...')
#16 C:\wamp\www\yfw110b\framework\web\CBaseController.php(96): CBaseController->renderInternal('C:\wamp\www\com...', Array, true)
#17 C:\wamp\www\yfw110b\framework\web\CController.php(870): CBaseController->renderFile('C:\wamp\www\com...', Array, true)
#18 C:\wamp\www\yfw110b\framework\web\CController.php(783): CController->renderPartial('index', Array, true)
#19 C:\wamp\www\competition\admin\protected\controllers\JuryController.php(90): CController->render('index', Array)
#20 C:\wamp\www\yfw110b\framework\web\actions\CInlineAction.php(50): JuryController->actionIndex()
#21 C:\wamp\www\yfw110b\framework\web\CController.php(309): CInlineAction->runWithParams(Array)
#22 C:\wamp\www\yfw110b\framework\web\filters\CFilterChain.php(134): CController->runAction(Object(CInlineAction))
#23 C:\wamp\www\yfw110b\framework\web\filters\CFilter.php(41): CFilterChain->run()
#24 C:\wamp\www\yfw110b\framework\web\CController.php(1146): CFilter->filter(Object(CFilterChain))
#25 C:\wamp\www\yfw110b\framework\web\filters\CInlineFilter.php(59): CController->filterAccessControl(Object(CFilterChain))
#26 C:\wamp\www\yfw110b\framework\web\filters\CFilterChain.php(131): CInlineFilter->filter(Object(CFilterChain))
#27 C:\wamp\www\yfw110b\framework\web\CController.php(292): CFilterChain->run()
#28 C:\wamp\www\yfw110b\framework\web\CController.php(266): CController->runActionWithFilters(Object(CInlineAction), Array)
#29 C:\wamp\www\yfw110b\framework\web\CWebApplication.php(276): CController->run('')
#30 C:\wamp\www\yfw110b\framework\web\CWebApplication.php(135): CWebApplication->runController('jury')
#31 C:\wamp\www\yfw110b\framework\base\CApplication.php(162): CWebApplication->processRequest()
#32 C:\wamp\www\competition\admin\index.php(13): CApplication->run()
#33 {main}
REQUEST_URI=/competition/admin/index.php?r=jury
HTTP_REFERER=http://localhost/competition/admin/index.php
---
2013/09/18 03:40:56 [error] [exception.CException] exception 'CException' with message 'Property "Jury.idjury" is not defined.' in C:\wamp\www\yfw110b\framework\base\CComponent.php:131
Stack trace:
#0 C:\wamp\www\yfw110b\framework\db\ar\CActiveRecord.php(144): CComponent->__get('idjury')
#1 C:\wamp\www\yfw110b\framework\web\helpers\CHtml.php(2044): CActiveRecord->__get('idjury')
#2 C:\wamp\www\yfw110b\framework\web\helpers\CHtml.php(1774): CHtml::resolveValue(Object(Jury), 'idjury')
#3 C:\wamp\www\yfw110b\framework\web\helpers\CHtml.php(1205): CHtml::activeInputField('text', Object(Jury), 'idjury', Array)
#4 C:\wamp\www\yfw110b\framework\web\widgets\CActiveForm.php(575): CHtml::activeTextField(Object(Jury), 'idjury', Array)
#5 C:\wamp\www\competition\admin\protected\views\jury\_search.php(10): CActiveForm->textField(Object(Jury), 'idjury')
#6 C:\wamp\www\yfw110b\framework\web\CBaseController.php(127): require('C:\wamp\www\com...')
#7 C:\wamp\www\yfw110b\framework\web\CBaseController.php(96): CBaseController->renderInternal('C:\wamp\www\com...', Array, true)
#8 C:\wamp\www\yfw110b\framework\web\CController.php(870): CBaseController->renderFile('C:\wamp\www\com...', Array, true)
#9 C:\wamp\www\competition\admin\protected\views\jury\index.php(36): CController->renderPartial('_search', Array)
#10 C:\wamp\www\yfw110b\framework\web\CBaseController.php(127): require('C:\wamp\www\com...')
#11 C:\wamp\www\yfw110b\framework\web\CBaseController.php(96): CBaseController->renderInternal('C:\wamp\www\com...', Array, true)
#12 C:\wamp\www\yfw110b\framework\web\CController.php(870): CBaseController->renderFile('C:\wamp\www\com...', Array, true)
#13 C:\wamp\www\yfw110b\framework\web\CController.php(783): CController->renderPartial('index', Array, true)
#14 C:\wamp\www\competition\admin\protected\controllers\JuryController.php(90): CController->render('index', Array)
#15 C:\wamp\www\yfw110b\framework\web\actions\CInlineAction.php(50): JuryController->actionIndex()
#16 C:\wamp\www\yfw110b\framework\web\CController.php(309): CInlineAction->runWithParams(Array)
#17 C:\wamp\www\yfw110b\framework\web\filters\CFilterChain.php(134): CController->runAction(Object(CInlineAction))
#18 C:\wamp\www\yfw110b\framework\web\filters\CFilter.php(41): CFilterChain->run()
#19 C:\wamp\www\yfw110b\framework\web\CController.php(1146): CFilter->filter(Object(CFilterChain))
#20 C:\wamp\www\yfw110b\framework\web\filters\CInlineFilter.php(59): CController->filterAccessControl(Object(CFilterChain))
#21 C:\wamp\www\yfw110b\framework\web\filters\CFilterChain.php(131): CInlineFilter->filter(Object(CFilterChain))
#22 C:\wamp\www\yfw110b\framework\web\CController.php(292): CFilterChain->run()
#23 C:\wamp\www\yfw110b\framework\web\CController.php(266): CController->runActionWithFilters(Object(CInlineAction), Array)
#24 C:\wamp\www\yfw110b\framework\web\CWebApplication.php(276): CController->run('')
#25 C:\wamp\www\yfw110b\framework\web\CWebApplication.php(135): CWebApplication->runController('jury')
#26 C:\wamp\www\yfw110b\framework\base\CApplication.php(162): CWebApplication->processRequest()
#27 C:\wamp\www\competition\admin\index.php(13): CApplication->run()
#28 {main}
REQUEST_URI=/competition/admin/index.php?r=jury
HTTP_REFERER=http://localhost/competition/admin/index.php
---
2013/09/18 03:43:15 [error] [exception.CHttpException.404] exception 'CHttpException' with message 'The system is unable to find the requested action "activate".' in C:\wamp\www\yfw110b\framework\web\CController.php:484
Stack trace:
#0 C:\wamp\www\yfw110b\framework\web\CController.php(271): CController->missingAction('activate')
#1 C:\wamp\www\yfw110b\framework\web\CWebApplication.php(276): CController->run('activate')
#2 C:\wamp\www\yfw110b\framework\web\CWebApplication.php(135): CWebApplication->runController('jury/activate')
#3 C:\wamp\www\yfw110b\framework\base\CApplication.php(162): CWebApplication->processRequest()
#4 C:\wamp\www\competition\admin\index.php(13): CApplication->run()
#5 {main}
REQUEST_URI=/competition/admin/index.php?r=jury%2Factivate&id=1&ajax=jury-grid
HTTP_REFERER=http://localhost/competition/admin/index.php?r=jury/index
---
2013/09/18 03:43:34 [error] [exception.CHttpException.404] exception 'CHttpException' with message 'The system is unable to find the requested action "activate".' in C:\wamp\www\yfw110b\framework\web\CController.php:484
Stack trace:
#0 C:\wamp\www\yfw110b\framework\web\CController.php(271): CController->missingAction('activate')
#1 C:\wamp\www\yfw110b\framework\web\CWebApplication.php(276): CController->run('activate')
#2 C:\wamp\www\yfw110b\framework\web\CWebApplication.php(135): CWebApplication->runController('jury/activate')
#3 C:\wamp\www\yfw110b\framework\base\CApplication.php(162): CWebApplication->processRequest()
#4 C:\wamp\www\competition\admin\index.php(13): CApplication->run()
#5 {main}
REQUEST_URI=/competition/admin/index.php?r=jury%2Factivate&id=1&ajax=jury-grid
HTTP_REFERER=http://localhost/competition/admin/index.php?r=jury
---
2013/09/18 03:46:45 [error] [exception.CException] exception 'CException' with message 'Property "Jury.email" is not defined.' in C:\wamp\www\yfw110b\framework\base\CComponent.php:131
Stack trace:
#0 C:\wamp\www\yfw110b\framework\db\ar\CActiveRecord.php(144): CComponent->__get('email')
#1 C:\wamp\www\yfw110b\framework\web\helpers\CHtml.php(2044): CActiveRecord->__get('email')
#2 C:\wamp\www\yfw110b\framework\web\helpers\CHtml.php(1774): CHtml::resolveValue(Object(Jury), 'email')
#3 C:\wamp\www\yfw110b\framework\web\helpers\CHtml.php(1238): CHtml::activeInputField('password', Object(Jury), 'email', Array)
#4 C:\wamp\www\yfw110b\framework\web\widgets\CActiveForm.php(605): CHtml::activePasswordField(Object(Jury), 'email', Array)
#5 C:\wamp\www\competition\admin\protected\views\jury\_form.php(27): CActiveForm->passwordField(Object(Jury), 'email', Array)
#6 C:\wamp\www\yfw110b\framework\web\CBaseController.php(127): require('C:\wamp\www\com...')
#7 C:\wamp\www\yfw110b\framework\web\CBaseController.php(96): CBaseController->renderInternal('C:\wamp\www\com...', Array, true)
#8 C:\wamp\www\yfw110b\framework\web\CController.php(870): CBaseController->renderFile('C:\wamp\www\com...', Array, true)
#9 C:\wamp\www\competition\admin\protected\views\jury\create.php(14): CController->renderPartial('_form', Array)
#10 C:\wamp\www\yfw110b\framework\web\CBaseController.php(127): require('C:\wamp\www\com...')
#11 C:\wamp\www\yfw110b\framework\web\CBaseController.php(96): CBaseController->renderInternal('C:\wamp\www\com...', Array, true)
#12 C:\wamp\www\yfw110b\framework\web\CController.php(870): CBaseController->renderFile('C:\wamp\www\com...', Array, true)
#13 C:\wamp\www\yfw110b\framework\web\CController.php(783): CController->renderPartial('create', Array, true)
#14 C:\wamp\www\competition\admin\protected\controllers\JuryController.php(34): CController->render('create', Array)
#15 C:\wamp\www\yfw110b\framework\web\actions\CInlineAction.php(50): JuryController->actionCreate()
#16 C:\wamp\www\yfw110b\framework\web\CController.php(309): CInlineAction->runWithParams(Array)
#17 C:\wamp\www\yfw110b\framework\web\filters\CFilterChain.php(134): CController->runAction(Object(CInlineAction))
#18 C:\wamp\www\yfw110b\framework\web\filters\CFilter.php(41): CFilterChain->run()
#19 C:\wamp\www\yfw110b\framework\web\CController.php(1146): CFilter->filter(Object(CFilterChain))
#20 C:\wamp\www\yfw110b\framework\web\filters\CInlineFilter.php(59): CController->filterAccessControl(Object(CFilterChain))
#21 C:\wamp\www\yfw110b\framework\web\filters\CFilterChain.php(131): CInlineFilter->filter(Object(CFilterChain))
#22 C:\wamp\www\yfw110b\framework\web\CController.php(292): CFilterChain->run()
#23 C:\wamp\www\yfw110b\framework\web\CController.php(266): CController->runActionWithFilters(Object(CInlineAction), Array)
#24 C:\wamp\www\yfw110b\framework\web\CWebApplication.php(276): CController->run('create')
#25 C:\wamp\www\yfw110b\framework\web\CWebApplication.php(135): CWebApplication->runController('jury/create')
#26 C:\wamp\www\yfw110b\framework\base\CApplication.php(162): CWebApplication->processRequest()
#27 C:\wamp\www\competition\admin\index.php(13): CApplication->run()
#28 {main}
REQUEST_URI=/competition/admin/index.php?r=jury/create
HTTP_REFERER=http://localhost/competition/admin/index.php?r=jury
---
2013/09/18 03:58:01 [error] [exception.CHttpException.404] exception 'CHttpException' with message 'The system is unable to find the requested action "newsletter".' in C:\wamp\www\yfw110b\framework\web\CController.php:484
Stack trace:
#0 C:\wamp\www\yfw110b\framework\web\CController.php(271): CController->missingAction('newsletter')
#1 C:\wamp\www\yfw110b\framework\web\CWebApplication.php(276): CController->run('newsletter')
#2 C:\wamp\www\yfw110b\framework\web\CWebApplication.php(135): CWebApplication->runController('pages/newslette...')
#3 C:\wamp\www\yfw110b\framework\base\CApplication.php(162): CWebApplication->processRequest()
#4 C:\wamp\www\competition\admin\index.php(13): CApplication->run()
#5 {main}
REQUEST_URI=/competition/admin/index.php?r=pages/newsletter
HTTP_REFERER=http://localhost/competition/admin/index.php?r=pages
---
2013/09/18 03:58:04 [error] [exception.CHttpException.404] exception 'CHttpException' with message 'The system is unable to find the requested action "articles".' in C:\wamp\www\yfw110b\framework\web\CController.php:484
Stack trace:
#0 C:\wamp\www\yfw110b\framework\web\CController.php(271): CController->missingAction('articles')
#1 C:\wamp\www\yfw110b\framework\web\CWebApplication.php(276): CController->run('articles')
#2 C:\wamp\www\yfw110b\framework\web\CWebApplication.php(135): CWebApplication->runController('pages/articles')
#3 C:\wamp\www\yfw110b\framework\base\CApplication.php(162): CWebApplication->processRequest()
#4 C:\wamp\www\competition\admin\index.php(13): CApplication->run()
#5 {main}
REQUEST_URI=/competition/admin/index.php?r=pages/articles
HTTP_REFERER=http://localhost/competition/admin/index.php?r=pages
---
2013/09/18 03:58:21 [error] [exception.CHttpException.404] exception 'CHttpException' with message 'Unable to resolve the request "articles".' in C:\wamp\www\yfw110b\framework\web\CWebApplication.php:280
Stack trace:
#0 C:\wamp\www\yfw110b\framework\web\CWebApplication.php(135): CWebApplication->runController('articles')
#1 C:\wamp\www\yfw110b\framework\base\CApplication.php(162): CWebApplication->processRequest()
#2 C:\wamp\www\competition\admin\index.php(13): CApplication->run()
#3 {main}
REQUEST_URI=/competition/admin/index.php?r=articles
---
2013/09/18 03:58:34 [error] [exception.CHttpException.404] exception 'CHttpException' with message 'The system is unable to find the requested action "newsletter".' in C:\wamp\www\yfw110b\framework\web\CController.php:484
Stack trace:
#0 C:\wamp\www\yfw110b\framework\web\CController.php(271): CController->missingAction('newsletter')
#1 C:\wamp\www\yfw110b\framework\web\CWebApplication.php(276): CController->run('newsletter')
#2 C:\wamp\www\yfw110b\framework\web\CWebApplication.php(135): CWebApplication->runController('pages/newslette...')
#3 C:\wamp\www\yfw110b\framework\base\CApplication.php(162): CWebApplication->processRequest()
#4 C:\wamp\www\competition\admin\index.php(13): CApplication->run()
#5 {main}
REQUEST_URI=/competition/admin/index.php?r=pages/newsletter
HTTP_REFERER=http://localhost/competition/admin/index.php?r=pages
---
2013/09/18 04:07:58 [error] [exception.CHttpException.404] exception 'CHttpException' with message 'The system is unable to find the requested action "newsletter".' in C:\wamp\www\yfw110b\framework\web\CController.php:484
Stack trace:
#0 C:\wamp\www\yfw110b\framework\web\CController.php(271): CController->missingAction('newsletter')
#1 C:\wamp\www\yfw110b\framework\web\CWebApplication.php(276): CController->run('newsletter')
#2 C:\wamp\www\yfw110b\framework\web\CWebApplication.php(135): CWebApplication->runController('pages/newslette...')
#3 C:\wamp\www\yfw110b\framework\base\CApplication.php(162): CWebApplication->processRequest()
#4 C:\wamp\www\competition\admin\index.php(13): CApplication->run()
#5 {main}
REQUEST_URI=/competition/admin/index.php?r=pages/newsletter
HTTP_REFERER=http://localhost/competition/admin/index.php?r=pages
---
2013/09/18 04:08:38 [error] [exception.CHttpException.404] exception 'CHttpException' with message 'Unable to resolve the request "Articles".' in C:\wamp\www\yfw110b\framework\web\CWebApplication.php:280
Stack trace:
#0 C:\wamp\www\yfw110b\framework\web\CWebApplication.php(135): CWebApplication->runController('Articles')
#1 C:\wamp\www\yfw110b\framework\base\CApplication.php(162): CWebApplication->processRequest()
#2 C:\wamp\www\competition\admin\index.php(13): CApplication->run()
#3 {main}
REQUEST_URI=/competition/admin/index.php?r=Articles
HTTP_REFERER=http://localhost/competition/admin/index.php?r=pages
---
2013/09/18 04:24:40 [error] [php] Missing argument 2 for CHtml::listData(), called in C:\wamp\www\competition\admin\protected\views\newsletterIssue\index.php on line 53 and defined (C:\wamp\www\yfw110b\framework\web\helpers\CHtml.php:1652)
Stack trace:
#0 C:\wamp\www\yfw110b\framework\web\CBaseController.php(96): NewsletterIssueController->renderInternal()
#1 C:\wamp\www\yfw110b\framework\web\CController.php(870): NewsletterIssueController->renderFile()
#2 C:\wamp\www\yfw110b\framework\web\CController.php(783): NewsletterIssueController->renderPartial()
#3 C:\wamp\www\competition\admin\protected\controllers\NewsletterIssueController.php(90): NewsletterIssueController->render()
#4 C:\wamp\www\yfw110b\framework\web\actions\CInlineAction.php(50): NewsletterIssueController->actionIndex()
#5 C:\wamp\www\yfw110b\framework\web\CController.php(309): CInlineAction->runWithParams()
#6 C:\wamp\www\yfw110b\framework\web\filters\CFilterChain.php(134): NewsletterIssueController->runAction()
#7 C:\wamp\www\yfw110b\framework\web\filters\CFilter.php(41): CFilterChain->run()
#8 C:\wamp\www\yfw110b\framework\web\CController.php(1146): CAccessControlFilter->filter()
#9 C:\wamp\www\yfw110b\framework\web\filters\CInlineFilter.php(59): NewsletterIssueController->filterAccessControl()
#10 C:\wamp\www\yfw110b\framework\web\filters\CFilterChain.php(131): CInlineFilter->filter()
#11 C:\wamp\www\yfw110b\framework\web\CController.php(292): CFilterChain->run()
#12 C:\wamp\www\yfw110b\framework\web\CController.php(266): NewsletterIssueController->runActionWithFilters()
#13 C:\wamp\www\yfw110b\framework\web\CWebApplication.php(276): NewsletterIssueController->run()
#14 C:\wamp\www\yfw110b\framework\web\CWebApplication.php(135): CWebApplication->runController()
#15 C:\wamp\www\yfw110b\framework\base\CApplication.php(162): CWebApplication->processRequest()
#16 C:\wamp\www\competition\admin\index.php(13): CWebApplication->run()
REQUEST_URI=/competition/admin/index.php?r=newsletterIssue/index
in C:\wamp\www\competition\admin\protected\views\newsletterIssue\index.php (53)
in C:\wamp\www\competition\admin\protected\controllers\NewsletterIssueController.php (90)
in C:\wamp\www\competition\admin\index.php (13)
2013/09/18 04:34:16 [error] [exception.CHttpException.404] exception 'CHttpException' with message 'Unable to resolve the request "newsletterAdmin/admin/index".' in C:\wamp\www\yfw110b\framework\web\CWebApplication.php:280
Stack trace:
#0 C:\wamp\www\yfw110b\framework\web\CWebApplication.php(135): CWebApplication->runController('newsletterAdmin...')
#1 C:\wamp\www\yfw110b\framework\base\CApplication.php(162): CWebApplication->processRequest()
#2 C:\wamp\www\competition\admin\index.php(13): CApplication->run()
#3 {main}
REQUEST_URI=/competition/admin/index.php?r=newsletterAdmin/admin/index
HTTP_REFERER=http://localhost/competition/admin/index.php?r=newsletterIssue/index
---
2013/09/18 04:46:51 [error] [exception.CException] exception 'CException' with message 'Property "CWebApplication.image" is not defined.' in C:\wamp\www\yfw110b\framework\base\CComponent.php:131
Stack trace:
#0 C:\wamp\www\yfw110b\framework\base\CModule.php(106): CComponent->__get('image')
#1 C:\wamp\www\competition\admin\protected\models\Article.php(131): CModule->__get('image')
#2 C:\wamp\www\competition\admin\protected\controllers\ArticleController.php(33): Article->saveImage(Object(CUploadedFile))
#3 C:\wamp\www\yfw110b\framework\web\actions\CInlineAction.php(50): ArticleController->actionCreate()
#4 C:\wamp\www\yfw110b\framework\web\CController.php(309): CInlineAction->runWithParams(Array)
#5 C:\wamp\www\yfw110b\framework\web\filters\CFilterChain.php(134): CController->runAction(Object(CInlineAction))
#6 C:\wamp\www\yfw110b\framework\web\filters\CFilter.php(41): CFilterChain->run()
#7 C:\wamp\www\yfw110b\framework\web\CController.php(1146): CFilter->filter(Object(CFilterChain))
#8 C:\wamp\www\yfw110b\framework\web\filters\CInlineFilter.php(59): CController->filterAccessControl(Object(CFilterChain))
#9 C:\wamp\www\yfw110b\framework\web\filters\CFilterChain.php(131): CInlineFilter->filter(Object(CFilterChain))
#10 C:\wamp\www\yfw110b\framework\web\CController.php(292): CFilterChain->run()
#11 C:\wamp\www\yfw110b\framework\web\CController.php(266): CController->runActionWithFilters(Object(CInlineAction), Array)
#12 C:\wamp\www\yfw110b\framework\web\CWebApplication.php(276): CController->run('create')
#13 C:\wamp\www\yfw110b\framework\web\CWebApplication.php(135): CWebApplication->runController('article/create')
#14 C:\wamp\www\yfw110b\framework\base\CApplication.php(162): CWebApplication->processRequest()
#15 C:\wamp\www\competition\admin\index.php(13): CApplication->run()
#16 {main}
REQUEST_URI=/competition/admin/index.php?r=article/create
HTTP_REFERER=http://localhost/competition/admin/index.php?r=article/create
---
